{"D:\\projects\\orivox-ai-studio\\src\\routeTree.gen.ts": {"path":"D:\\projects\\orivox-ai-studio\\src\\routeTree.gen.ts","statementMap":{"0":{"start":{"line":23,"column":22},"end":{"line":27,"column":null}},"1":{"start":{"line":26,"column":24},"end":{"line":26,"column":null}},"2":{"start":{"line":28,"column":18},"end":{"line":32,"column":null}},"3":{"start":{"line":31,"column":24},"end":{"line":31,"column":null}},"4":{"start":{"line":33,"column":17},"end":{"line":36,"column":null}},"5":{"start":{"line":35,"column":24},"end":{"line":35,"column":null}},"6":{"start":{"line":37,"column":19},"end":{"line":41,"column":null}},"7":{"start":{"line":40,"column":24},"end":{"line":40,"column":null}},"8":{"start":{"line":42,"column":25},"end":{"line":46,"column":null}},"9":{"start":{"line":45,"column":24},"end":{"line":45,"column":null}},"10":{"start":{"line":47,"column":23},"end":{"line":51,"column":null}},"11":{"start":{"line":50,"column":24},"end":{"line":50,"column":null}},"12":{"start":{"line":52,"column":22},"end":{"line":56,"column":null}},"13":{"start":{"line":55,"column":24},"end":{"line":55,"column":null}},"14":{"start":{"line":57,"column":25},"end":{"line":61,"column":null}},"15":{"start":{"line":60,"column":24},"end":{"line":60,"column":null}},"16":{"start":{"line":62,"column":30},"end":{"line":66,"column":null}},"17":{"start":{"line":65,"column":24},"end":{"line":65,"column":null}},"18":{"start":{"line":67,"column":21},"end":{"line":71,"column":null}},"19":{"start":{"line":70,"column":24},"end":{"line":70,"column":null}},"20":{"start":{"line":236,"column":43},"end":{"line":240,"column":null}},"21":{"start":{"line":242,"column":29},"end":{"line":242,"column":null}},"22":{"start":{"line":244,"column":45},"end":{"line":252,"column":null}},"23":{"start":{"line":253,"column":25},"end":{"line":255,"column":null}}},"fnMap":{"0":{"name":"(anonymous_0)","decl":{"start":{"line":26,"column":2},"end":{"line":26,"column":24}},"loc":{"start":{"line":26,"column":24},"end":{"line":26,"column":null}},"line":26},"1":{"name":"(anonymous_1)","decl":{"start":{"line":31,"column":2},"end":{"line":31,"column":24}},"loc":{"start":{"line":31,"column":24},"end":{"line":31,"column":null}},"line":31},"2":{"name":"(anonymous_2)","decl":{"start":{"line":35,"column":2},"end":{"line":35,"column":24}},"loc":{"start":{"line":35,"column":24},"end":{"line":35,"column":null}},"line":35},"3":{"name":"(anonymous_3)","decl":{"start":{"line":40,"column":2},"end":{"line":40,"column":24}},"loc":{"start":{"line":40,"column":24},"end":{"line":40,"column":null}},"line":40},"4":{"name":"(anonymous_4)","decl":{"start":{"line":45,"column":2},"end":{"line":45,"column":24}},"loc":{"start":{"line":45,"column":24},"end":{"line":45,"column":null}},"line":45},"5":{"name":"(anonymous_5)","decl":{"start":{"line":50,"column":2},"end":{"line":50,"column":24}},"loc":{"start":{"line":50,"column":24},"end":{"line":50,"column":null}},"line":50},"6":{"name":"(anonymous_6)","decl":{"start":{"line":55,"column":2},"end":{"line":55,"column":24}},"loc":{"start":{"line":55,"column":24},"end":{"line":55,"column":null}},"line":55},"7":{"name":"(anonymous_7)","decl":{"start":{"line":60,"column":2},"end":{"line":60,"column":24}},"loc":{"start":{"line":60,"column":24},"end":{"line":60,"column":null}},"line":60},"8":{"name":"(anonymous_8)","decl":{"start":{"line":65,"column":2},"end":{"line":65,"column":24}},"loc":{"start":{"line":65,"column":24},"end":{"line":65,"column":null}},"line":65},"9":{"name":"(anonymous_9)","decl":{"start":{"line":70,"column":2},"end":{"line":70,"column":24}},"loc":{"start":{"line":70,"column":24},"end":{"line":70,"column":null}},"line":70}},"branchMap":{},"s":{"0":0,"1":0,"2":0,"3":0,"4":0,"5":0,"6":0,"7":0,"8":0,"9":0,"10":0,"11":0,"12":0,"13":0,"14":0,"15":0,"16":0,"17":0,"18":0,"19":0,"20":0,"21":0,"22":0,"23":0},"f":{"0":0,"1":0,"2":0,"3":0,"4":0,"5":0,"6":0,"7":0,"8":0,"9":0},"b":{},"meta":{"lastBranch":0,"lastFunction":10,"lastStatement":24,"seen":{"s:23:22:27:Infinity":0,"f:26:2:26:24":0,"s:26:24:26:Infinity":1,"s:28:18:32:Infinity":2,"f:31:2:31:24":1,"s:31:24:31:Infinity":3,"s:33:17:36:Infinity":4,"f:35:2:35:24":2,"s:35:24:35:Infinity":5,"s:37:19:41:Infinity":6,"f:40:2:40:24":3,"s:40:24:40:Infinity":7,"s:42:25:46:Infinity":8,"f:45:2:45:24":4,"s:45:24:45:Infinity":9,"s:47:23:51:Infinity":10,"f:50:2:50:24":5,"s:50:24:50:Infinity":11,"s:52:22:56:Infinity":12,"f:55:2:55:24":6,"s:55:24:55:Infinity":13,"s:57:25:61:Infinity":14,"f:60:2:60:24":7,"s:60:24:60:Infinity":15,"s:62:30:66:Infinity":16,"f:65:2:65:24":8,"s:65:24:65:Infinity":17,"s:67:21:71:Infinity":18,"f:70:2:70:24":9,"s:70:24:70:Infinity":19,"s:236:43:240:Infinity":20,"s:242:29:242:Infinity":21,"s:244:45:252:Infinity":22,"s:253:25:255:Infinity":23},"fnNames":{}}}
,"D:\\projects\\orivox-ai-studio\\src\\router.tsx": {"path":"D:\\projects\\orivox-ai-studio\\src\\router.tsx","statementMap":{"0":{"start":{"line":5,"column":13},"end":{"line":16,"column":null}},"1":{"start":{"line":6,"column":22},"end":{"line":6,"column":null}},"2":{"start":{"line":8,"column":8},"end":{"line":13,"column":null}},"3":{"start":{"line":15,"column":2},"end":{"line":15,"column":null}}},"fnMap":{"0":{"name":"(anonymous_0)","decl":{"start":{"line":5,"column":13},"end":{"line":5,"column":31}},"loc":{"start":{"line":5,"column":31},"end":{"line":16,"column":null}},"line":5}},"branchMap":{},"s":{"0":0,"1":0,"2":0,"3":0},"f":{"0":0},"b":{},"meta":{"lastBranch":0,"lastFunction":1,"lastStatement":4,"seen":{"s:5:13:16:Infinity":0,"f:5:13:5:31":0,"s:6:22:6:Infinity":1,"s:8:8:13:Infinity":2,"s:15:2:15:Infinity":3},"fnNames":{}}}
,"D:\\projects\\orivox-ai-studio\\src\\server.ts": {"path":"D:\\projects\\orivox-ai-studio\\src\\server.ts","statementMap":{"0":{"start":{"line":13,"column":2},"end":{"line":17,"column":null}},"1":{"start":{"line":14,"column":4},"end":{"line":16,"column":null}},"2":{"start":{"line":16,"column":4},"end":{"line":16,"column":null}},"3":{"start":{"line":18,"column":2},"end":{"line":18,"column":null}},"4":{"start":{"line":24,"column":2},"end":{"line":24,"column":null}},"5":{"start":{"line":24,"column":29},"end":{"line":24,"column":null}},"6":{"start":{"line":25,"column":22},"end":{"line":25,"column":null}},"7":{"start":{"line":26,"column":2},"end":{"line":26,"column":null}},"8":{"start":{"line":26,"column":49},"end":{"line":26,"column":null}},"9":{"start":{"line":28,"column":15},"end":{"line":28,"column":null}},"10":{"start":{"line":29,"column":2},"end":{"line":29,"column":null}},"11":{"start":{"line":29,"column":37},"end":{"line":29,"column":null}},"12":{"start":{"line":31,"column":2},"end":{"line":31,"column":null}},"13":{"start":{"line":32,"column":2},"end":{"line":35,"column":null}},"14":{"start":{"line":39,"column":2},"end":{"line":44,"column":null}},"15":{"start":{"line":40,"column":20},"end":{"line":40,"column":null}},"16":{"start":{"line":41,"column":4},"end":{"line":41,"column":null}},"17":{"start":{"line":43,"column":4},"end":{"line":43,"column":null}},"18":{"start":{"line":49,"column":4},"end":{"line":59,"column":null}},"19":{"start":{"line":50,"column":22},"end":{"line":50,"column":null}},"20":{"start":{"line":51,"column":23},"end":{"line":51,"column":null}},"21":{"start":{"line":52,"column":6},"end":{"line":52,"column":null}},"22":{"start":{"line":54,"column":6},"end":{"line":54,"column":null}},"23":{"start":{"line":55,"column":6},"end":{"line":58,"column":null}}},"fnMap":{"0":{"name":"getServerEntry","decl":{"start":{"line":12,"column":15},"end":{"line":12,"column":54}},"loc":{"start":{"line":12,"column":54},"end":{"line":19,"column":null}},"line":12},"1":{"name":"(anonymous_1)","decl":{"start":{"line":16,"column":4},"end":{"line":16,"column":null}},"loc":{"start":{"line":16,"column":4},"end":{"line":16,"column":null}},"line":16},"2":{"name":"normalizeCatastrophicSsrResponse","decl":{"start":{"line":23,"column":15},"end":{"line":23,"column":48}},"loc":{"start":{"line":23,"column":87},"end":{"line":36,"column":null}},"line":23},"3":{"name":"isH3SwallowedErrorBody","decl":{"start":{"line":38,"column":9},"end":{"line":38,"column":32}},"loc":{"start":{"line":38,"column":55},"end":{"line":45,"column":null}},"line":38},"4":{"name":"fetch","decl":{"start":{"line":48,"column":8},"end":{"line":48,"column":14}},"loc":{"start":{"line":48,"column":60},"end":{"line":60,"column":null}},"line":48}},"branchMap":{"0":{"loc":{"start":{"line":13,"column":2},"end":{"line":17,"column":null}},"type":"if","locations":[{"start":{"line":13,"column":2},"end":{"line":17,"column":null}},{"start":{},"end":{}}],"line":13},"1":{"loc":{"start":{"line":16,"column":4},"end":{"line":16,"column":null}},"type":"binary-expr","locations":[{"start":{"line":16,"column":4},"end":{"line":16,"column":null}},{"start":{"line":16,"column":4},"end":{"line":16,"column":null}}],"line":16},"2":{"loc":{"start":{"line":24,"column":2},"end":{"line":24,"column":null}},"type":"if","locations":[{"start":{"line":24,"column":2},"end":{"line":24,"column":null}},{"start":{},"end":{}}],"line":24},"3":{"loc":{"start":{"line":25,"column":22},"end":{"line":25,"column":null}},"type":"binary-expr","locations":[{"start":{"line":25,"column":22},"end":{"line":25,"column":62}},{"start":{"line":25,"column":62},"end":{"line":25,"column":null}}],"line":25},"4":{"loc":{"start":{"line":26,"column":2},"end":{"line":26,"column":null}},"type":"if","locations":[{"start":{"line":26,"column":2},"end":{"line":26,"column":null}},{"start":{},"end":{}}],"line":26},"5":{"loc":{"start":{"line":29,"column":2},"end":{"line":29,"column":null}},"type":"if","locations":[{"start":{"line":29,"column":2},"end":{"line":29,"column":null}},{"start":{},"end":{}}],"line":29},"6":{"loc":{"start":{"line":31,"column":10},"end":{"line":31,"column":90}},"type":"binary-expr","locations":[{"start":{"line":31,"column":10},"end":{"line":31,"column":46}},{"start":{"line":31,"column":46},"end":{"line":31,"column":90}}],"line":31},"7":{"loc":{"start":{"line":41,"column":11},"end":{"line":41,"column":null}},"type":"binary-expr","locations":[{"start":{"line":41,"column":11},"end":{"line":41,"column":41}},{"start":{"line":41,"column":41},"end":{"line":41,"column":null}}],"line":41}},"s":{"0":0,"1":0,"2":0,"3":0,"4":0,"5":0,"6":0,"7":0,"8":0,"9":0,"10":0,"11":0,"12":0,"13":0,"14":0,"15":0,"16":0,"17":0,"18":0,"19":0,"20":0,"21":0,"22":0,"23":0},"f":{"0":0,"1":0,"2":0,"3":0,"4":0},"b":{"0":[0,0],"1":[0,0],"2":[0,0],"3":[0,0],"4":[0,0],"5":[0,0],"6":[0,0],"7":[0,0]},"meta":{"lastBranch":8,"lastFunction":5,"lastStatement":24,"seen":{"f:12:15:12:54":0,"b:13:2:17:Infinity:undefined:undefined:undefined:undefined":0,"s:13:2:17:Infinity":0,"s:14:4:16:Infinity":1,"f:16:4:16:Infinity":1,"s:16:4:16:Infinity":2,"b:16:4:16:Infinity:16:4:16:Infinity":1,"s:18:2:18:Infinity":3,"f:23:15:23:48":2,"b:24:2:24:Infinity:undefined:undefined:undefined:undefined":2,"s:24:2:24:Infinity":4,"s:24:29:24:Infinity":5,"s:25:22:25:Infinity":6,"b:25:22:25:62:25:62:25:Infinity":3,"b:26:2:26:Infinity:undefined:undefined:undefined:undefined":4,"s:26:2:26:Infinity":7,"s:26:49:26:Infinity":8,"s:28:15:28:Infinity":9,"b:29:2:29:Infinity:undefined:undefined:undefined:undefined":5,"s:29:2:29:Infinity":10,"s:29:37:29:Infinity":11,"s:31:2:31:Infinity":12,"b:31:10:31:46:31:46:31:90":6,"s:32:2:35:Infinity":13,"f:38:9:38:32":3,"s:39:2:44:Infinity":14,"s:40:20:40:Infinity":15,"s:41:4:41:Infinity":16,"b:41:11:41:41:41:41:41:Infinity":7,"s:43:4:43:Infinity":17,"f:48:8:48:14":4,"s:49:4:59:Infinity":18,"s:50:22:50:Infinity":19,"s:51:23:51:Infinity":20,"s:52:6:52:Infinity":21,"s:54:6:54:Infinity":22,"s:55:6:58:Infinity":23},"fnNames":{}}}
,"D:\\projects\\orivox-ai-studio\\src\\start.ts": {"path":"D:\\projects\\orivox-ai-studio\\src\\start.ts","statementMap":{"0":{"start":{"line":5,"column":6},"end":{"line":18,"column":null}},"1":{"start":{"line":6,"column":2},"end":{"line":17,"column":null}},"2":{"start":{"line":7,"column":4},"end":{"line":7,"column":null}},"3":{"start":{"line":9,"column":4},"end":{"line":11,"column":null}},"4":{"start":{"line":10,"column":6},"end":{"line":10,"column":null}},"5":{"start":{"line":12,"column":4},"end":{"line":12,"column":null}},"6":{"start":{"line":13,"column":4},"end":{"line":16,"column":null}},"7":{"start":{"line":20,"column":13},"end":{"line":22,"column":null}},"8":{"start":{"line":20,"column":48},"end":{"line":22,"column":2}}},"fnMap":{"0":{"name":"(anonymous_0)","decl":{"start":{"line":5,"column":50},"end":{"line":5,"column":57}},"loc":{"start":{"line":5,"column":70},"end":{"line":18,"column":1}},"line":5},"1":{"name":"(anonymous_1)","decl":{"start":{"line":20,"column":29},"end":{"line":20,"column":48}},"loc":{"start":{"line":20,"column":48},"end":{"line":22,"column":2}},"line":20}},"branchMap":{"0":{"loc":{"start":{"line":9,"column":4},"end":{"line":11,"column":null}},"type":"if","locations":[{"start":{"line":9,"column":4},"end":{"line":11,"column":null}},{"start":{},"end":{}}],"line":9},"1":{"loc":{"start":{"line":9,"column":8},"end":{"line":9,"column":77}},"type":"binary-expr","locations":[{"start":{"line":9,"column":8},"end":{"line":9,"column":25}},{"start":{"line":9,"column":25},"end":{"line":9,"column":54}},{"start":{"line":9,"column":54},"end":{"line":9,"column":77}}],"line":9}},"s":{"0":0,"1":0,"2":0,"3":0,"4":0,"5":0,"6":0,"7":0,"8":0},"f":{"0":0,"1":0},"b":{"0":[0,0],"1":[0,0,0]},"meta":{"lastBranch":2,"lastFunction":2,"lastStatement":9,"seen":{"s:5:6:18:Infinity":0,"f:5:50:5:57":0,"s:6:2:17:Infinity":1,"s:7:4:7:Infinity":2,"b:9:4:11:Infinity:undefined:undefined:undefined:undefined":0,"s:9:4:11:Infinity":3,"b:9:8:9:25:9:25:9:54:9:54:9:77":1,"s:10:6:10:Infinity":4,"s:12:4:12:Infinity":5,"s:13:4:16:Infinity":6,"s:20:13:22:Infinity":7,"f:20:29:20:48":1,"s:20:48:22:2":8},"fnNames":{}}}
,"D:\\projects\\orivox-ai-studio\\src\\agents\\asset-planner\\AssetPlannerAgent.ts": {"path":"D:\\projects\\orivox-ai-studio\\src\\agents\\asset-planner\\AssetPlannerAgent.ts","statementMap":{"0":{"start":{"line":8,"column":14},"end":{"line":8,"column":null}},"1":{"start":{"line":10,"column":49},"end":{"line":13,"column":null}},"2":{"start":{"line":15,"column":46},"end":{"line":15,"column":null}},"3":{"start":{"line":17,"column":22},"end":{"line":17,"column":49}},"4":{"start":{"line":22,"column":24},"end":{"line":26,"column":null}},"5":{"start":{"line":28,"column":4},"end":{"line":30,"column":null}},"6":{"start":{"line":29,"column":6},"end":{"line":29,"column":null}},"7":{"start":{"line":32,"column":19},"end":{"line":32,"column":null}},"8":{"start":{"line":33,"column":4},"end":{"line":33,"column":null}},"9":{"start":{"line":37,"column":4},"end":{"line":41,"column":null}},"10":{"start":{"line":45,"column":40},"end":{"line":100,"column":null}},"11":{"start":{"line":45,"column":113},"end":{"line":100,"column":6}},"12":{"start":{"line":102,"column":4},"end":{"line":105,"column":null}},"13":{"start":{"line":109,"column":16},"end":{"line":109,"column":null}},"14":{"start":{"line":110,"column":18},"end":{"line":110,"column":null}},"15":{"start":{"line":111,"column":4},"end":{"line":117,"column":null}},"16":{"start":{"line":112,"column":22},"end":{"line":112,"column":null}},"17":{"start":{"line":113,"column":6},"end":{"line":113,"column":null}},"18":{"start":{"line":114,"column":6},"end":{"line":116,"column":null}},"19":{"start":{"line":115,"column":8},"end":{"line":115,"column":null}},"20":{"start":{"line":118,"column":4},"end":{"line":118,"column":null}},"21":{"start":{"line":122,"column":4},"end":{"line":128,"column":null}},"22":{"start":{"line":123,"column":6},"end":{"line":127,"column":null}},"23":{"start":{"line":130,"column":26},"end":{"line":130,"column":null}},"24":{"start":{"line":130,"column":68},"end":{"line":130,"column":78}},"25":{"start":{"line":131,"column":21},"end":{"line":131,"column":null}},"26":{"start":{"line":134,"column":67},"end":{"line":134,"column":null}},"27":{"start":{"line":135,"column":4},"end":{"line":137,"column":null}},"28":{"start":{"line":136,"column":6},"end":{"line":136,"column":null}},"29":{"start":{"line":139,"column":4},"end":{"line":159,"column":null}},"30":{"start":{"line":141,"column":6},"end":{"line":143,"column":null}},"31":{"start":{"line":142,"column":8},"end":{"line":142,"column":null}},"32":{"start":{"line":144,"column":6},"end":{"line":144,"column":null}},"33":{"start":{"line":147,"column":6},"end":{"line":149,"column":null}},"34":{"start":{"line":148,"column":8},"end":{"line":148,"column":null}},"35":{"start":{"line":152,"column":27},"end":{"line":152,"column":null}},"36":{"start":{"line":153,"column":6},"end":{"line":155,"column":null}},"37":{"start":{"line":154,"column":8},"end":{"line":154,"column":null}},"38":{"start":{"line":156,"column":6},"end":{"line":158,"column":null}},"39":{"start":{"line":157,"column":8},"end":{"line":157,"column":null}},"40":{"start":{"line":162,"column":4},"end":{"line":179,"column":null}},"41":{"start":{"line":163,"column":26},"end":{"line":163,"column":null}},"42":{"start":{"line":163,"column":50},"end":{"line":163,"column":80}},"43":{"start":{"line":165,"column":21},"end":{"line":165,"column":null}},"44":{"start":{"line":165,"column":45},"end":{"line":165,"column":69}},"45":{"start":{"line":166,"column":6},"end":{"line":168,"column":null}},"46":{"start":{"line":170,"column":21},"end":{"line":170,"column":null}},"47":{"start":{"line":170,"column":45},"end":{"line":170,"column":69}},"48":{"start":{"line":171,"column":6},"end":{"line":173,"column":null}},"49":{"start":{"line":175,"column":23},"end":{"line":175,"column":null}},"50":{"start":{"line":175,"column":47},"end":{"line":175,"column":73}},"51":{"start":{"line":176,"column":6},"end":{"line":178,"column":null}},"52":{"start":{"line":181,"column":4},"end":{"line":181,"column":null}},"53":{"start":{"line":185,"column":26},"end":{"line":185,"column":null}},"54":{"start":{"line":186,"column":27},"end":{"line":186,"column":null}},"55":{"start":{"line":187,"column":30},"end":{"line":187,"column":null}},"56":{"start":{"line":189,"column":4},"end":{"line":207,"column":null}}},"fnMap":{"0":{"name":"constructor","decl":{"start":{"line":17,"column":2},"end":{"line":17,"column":14}},"loc":{"start":{"line":17,"column":49},"end":{"line":17,"column":null}},"line":17},"1":{"name":"execute","decl":{"start":{"line":19,"column":15},"end":{"line":19,"column":23}},"loc":{"start":{"line":19,"column":121},"end":{"line":34,"column":null}},"line":19},"2":{"name":"parseClarification","decl":{"start":{"line":36,"column":2},"end":{"line":36,"column":10}},"loc":{"start":{"line":36,"column":68},"end":{"line":42,"column":null}},"line":36},"3":{"name":"parse","decl":{"start":{"line":44,"column":2},"end":{"line":44,"column":10}},"loc":{"start":{"line":44,"column":50},"end":{"line":106,"column":null}},"line":44},"4":{"name":"(anonymous_4)","decl":{"start":{"line":45,"column":94},"end":{"line":45,"column":99}},"loc":{"start":{"line":45,"column":113},"end":{"line":100,"column":6}},"line":45},"5":{"name":"getAllComponentIds","decl":{"start":{"line":108,"column":2},"end":{"line":108,"column":10}},"loc":{"start":{"line":108,"column":66},"end":{"line":119,"column":null}},"line":108},"6":{"name":"validate","decl":{"start":{"line":121,"column":2},"end":{"line":121,"column":10}},"loc":{"start":{"line":121,"column":110},"end":{"line":182,"column":null}},"line":121},"7":{"name":"(anonymous_7)","decl":{"start":{"line":130,"column":59},"end":{"line":130,"column":63}},"loc":{"start":{"line":130,"column":68},"end":{"line":130,"column":78}},"line":130},"8":{"name":"(anonymous_8)","decl":{"start":{"line":135,"column":33},"end":{"line":135,"column":41}},"loc":{"start":{"line":135,"column":46},"end":{"line":137,"column":5}},"line":135},"9":{"name":"(anonymous_9)","decl":{"start":{"line":139,"column":16},"end":{"line":139,"column":24}},"loc":{"start":{"line":139,"column":33},"end":{"line":159,"column":5}},"line":139},"10":{"name":"(anonymous_10)","decl":{"start":{"line":162,"column":31},"end":{"line":162,"column":39}},"loc":{"start":{"line":162,"column":49},"end":{"line":179,"column":5}},"line":162},"11":{"name":"(anonymous_11)","decl":{"start":{"line":163,"column":38},"end":{"line":163,"column":45}},"loc":{"start":{"line":163,"column":50},"end":{"line":163,"column":80}},"line":163},"12":{"name":"(anonymous_12)","decl":{"start":{"line":165,"column":33},"end":{"line":165,"column":40}},"loc":{"start":{"line":165,"column":45},"end":{"line":165,"column":69}},"line":165},"13":{"name":"(anonymous_13)","decl":{"start":{"line":170,"column":33},"end":{"line":170,"column":40}},"loc":{"start":{"line":170,"column":45},"end":{"line":170,"column":69}},"line":170},"14":{"name":"(anonymous_14)","decl":{"start":{"line":175,"column":35},"end":{"line":175,"column":42}},"loc":{"start":{"line":175,"column":47},"end":{"line":175,"column":73}},"line":175},"15":{"name":"buildPrompt","decl":{"start":{"line":184,"column":2},"end":{"line":184,"column":10}},"loc":{"start":{"line":184,"column":58},"end":{"line":250,"column":null}},"line":184}},"branchMap":{"0":{"loc":{"start":{"line":28,"column":4},"end":{"line":30,"column":null}},"type":"if","locations":[{"start":{"line":28,"column":4},"end":{"line":30,"column":null}},{"start":{},"end":{}}],"line":28},"1":{"loc":{"start":{"line":39,"column":17},"end":{"line":39,"column":null}},"type":"cond-expr","locations":[{"start":{"line":39,"column":55},"end":{"line":39,"column":78}},{"start":{"line":39,"column":78},"end":{"line":39,"column":null}}],"line":39},"2":{"loc":{"start":{"line":40,"column":21},"end":{"line":40,"column":null}},"type":"cond-expr","locations":[{"start":{"line":40,"column":63},"end":{"line":40,"column":90}},{"start":{"line":40,"column":90},"end":{"line":40,"column":null}}],"line":40},"3":{"loc":{"start":{"line":45,"column":40},"end":{"line":100,"column":null}},"type":"cond-expr","locations":[{"start":{"line":45,"column":76},"end":{"line":100,"column":10}},{"start":{"line":100,"column":10},"end":{"line":100,"column":null}}],"line":45},"4":{"loc":{"start":{"line":46,"column":16},"end":{"line":46,"column":null}},"type":"binary-expr","locations":[{"start":{"line":46,"column":16},"end":{"line":46,"column":32}},{"start":{"line":46,"column":32},"end":{"line":46,"column":null}}],"line":46},"5":{"loc":{"start":{"line":47,"column":16},"end":{"line":47,"column":null}},"type":"binary-expr","locations":[{"start":{"line":47,"column":16},"end":{"line":47,"column":32}},{"start":{"line":47,"column":32},"end":{"line":47,"column":null}}],"line":47},"6":{"loc":{"start":{"line":48,"column":27},"end":{"line":48,"column":null}},"type":"binary-expr","locations":[{"start":{"line":48,"column":27},"end":{"line":48,"column":54}},{"start":{"line":48,"column":54},"end":{"line":48,"column":null}}],"line":48},"7":{"loc":{"start":{"line":49,"column":18},"end":{"line":49,"column":null}},"type":"binary-expr","locations":[{"start":{"line":49,"column":18},"end":{"line":49,"column":36}},{"start":{"line":49,"column":36},"end":{"line":49,"column":null}}],"line":49},"8":{"loc":{"start":{"line":50,"column":24},"end":{"line":50,"column":null}},"type":"binary-expr","locations":[{"start":{"line":50,"column":24},"end":{"line":50,"column":48}},{"start":{"line":50,"column":48},"end":{"line":50,"column":null}}],"line":50},"9":{"loc":{"start":{"line":51,"column":16},"end":{"line":51,"column":null}},"type":"binary-expr","locations":[{"start":{"line":51,"column":16},"end":{"line":51,"column":32}},{"start":{"line":51,"column":32},"end":{"line":51,"column":null}}],"line":51},"10":{"loc":{"start":{"line":52,"column":27},"end":{"line":52,"column":null}},"type":"cond-expr","locations":[{"start":{"line":52,"column":74},"end":{"line":52,"column":100}},{"start":{"line":52,"column":100},"end":{"line":52,"column":null}}],"line":52},"11":{"loc":{"start":{"line":53,"column":31},"end":{"line":53,"column":null}},"type":"cond-expr","locations":[{"start":{"line":53,"column":82},"end":{"line":53,"column":112}},{"start":{"line":53,"column":112},"end":{"line":53,"column":null}}],"line":53},"12":{"loc":{"start":{"line":54,"column":25},"end":{"line":54,"column":null}},"type":"cond-expr","locations":[{"start":{"line":54,"column":70},"end":{"line":54,"column":94}},{"start":{"line":54,"column":94},"end":{"line":54,"column":null}}],"line":54},"13":{"loc":{"start":{"line":55,"column":24},"end":{"line":55,"column":null}},"type":"binary-expr","locations":[{"start":{"line":55,"column":24},"end":{"line":55,"column":48}},{"start":{"line":55,"column":48},"end":{"line":55,"column":null}}],"line":55},"14":{"loc":{"start":{"line":56,"column":20},"end":{"line":56,"column":null}},"type":"binary-expr","locations":[{"start":{"line":56,"column":20},"end":{"line":56,"column":40}},{"start":{"line":56,"column":40},"end":{"line":56,"column":null}}],"line":56},"15":{"loc":{"start":{"line":57,"column":27},"end":{"line":57,"column":null}},"type":"binary-expr","locations":[{"start":{"line":57,"column":27},"end":{"line":57,"column":54}},{"start":{"line":57,"column":54},"end":{"line":57,"column":null}}],"line":57},"16":{"loc":{"start":{"line":58,"column":26},"end":{"line":58,"column":null}},"type":"cond-expr","locations":[{"start":{"line":58,"column":71},"end":{"line":58,"column":96}},{"start":{"line":58,"column":96},"end":{"line":58,"column":null}}],"line":58},"17":{"loc":{"start":{"line":59,"column":27},"end":{"line":59,"column":null}},"type":"cond-expr","locations":[{"start":{"line":59,"column":73},"end":{"line":59,"column":99}},{"start":{"line":59,"column":99},"end":{"line":59,"column":null}}],"line":59},"18":{"loc":{"start":{"line":62,"column":10},"end":{"line":71,"column":null}},"type":"binary-expr","locations":[{"start":{"line":62,"column":10},"end":{"line":62,"column":40}},{"start":{"line":62,"column":40},"end":{"line":71,"column":null}}],"line":62},"19":{"loc":{"start":{"line":74,"column":10},"end":{"line":82,"column":null}},"type":"binary-expr","locations":[{"start":{"line":74,"column":10},"end":{"line":74,"column":40}},{"start":{"line":74,"column":40},"end":{"line":82,"column":null}}],"line":74},"20":{"loc":{"start":{"line":85,"column":10},"end":{"line":91,"column":null}},"type":"binary-expr","locations":[{"start":{"line":85,"column":10},"end":{"line":85,"column":42}},{"start":{"line":85,"column":42},"end":{"line":91,"column":null}}],"line":85},"21":{"loc":{"start":{"line":94,"column":10},"end":{"line":99,"column":null}},"type":"binary-expr","locations":[{"start":{"line":94,"column":10},"end":{"line":94,"column":40}},{"start":{"line":94,"column":40},"end":{"line":99,"column":null}}],"line":94},"22":{"loc":{"start":{"line":104,"column":31},"end":{"line":104,"column":null}},"type":"cond-expr","locations":[{"start":{"line":104,"column":89},"end":{"line":104,"column":126}},{"start":{"line":104,"column":126},"end":{"line":104,"column":null}}],"line":104},"23":{"loc":{"start":{"line":114,"column":6},"end":{"line":116,"column":null}},"type":"if","locations":[{"start":{"line":114,"column":6},"end":{"line":116,"column":null}},{"start":{},"end":{}}],"line":114},"24":{"loc":{"start":{"line":122,"column":4},"end":{"line":128,"column":null}},"type":"if","locations":[{"start":{"line":122,"column":4},"end":{"line":128,"column":null}},{"start":{},"end":{}}],"line":122},"25":{"loc":{"start":{"line":141,"column":6},"end":{"line":143,"column":null}},"type":"if","locations":[{"start":{"line":141,"column":6},"end":{"line":143,"column":null}},{"start":{},"end":{}}],"line":141},"26":{"loc":{"start":{"line":147,"column":6},"end":{"line":149,"column":null}},"type":"if","locations":[{"start":{"line":147,"column":6},"end":{"line":149,"column":null}},{"start":{},"end":{}}],"line":147},"27":{"loc":{"start":{"line":153,"column":6},"end":{"line":155,"column":null}},"type":"if","locations":[{"start":{"line":153,"column":6},"end":{"line":155,"column":null}},{"start":{},"end":{}}],"line":153},"28":{"loc":{"start":{"line":156,"column":6},"end":{"line":158,"column":null}},"type":"if","locations":[{"start":{"line":156,"column":6},"end":{"line":158,"column":null}},{"start":{},"end":{}}],"line":156},"29":{"loc":{"start":{"line":166,"column":6},"end":{"line":168,"column":null}},"type":"if","locations":[{"start":{"line":166,"column":6},"end":{"line":168,"column":null}},{"start":{},"end":{}}],"line":166},"30":{"loc":{"start":{"line":171,"column":6},"end":{"line":173,"column":null}},"type":"if","locations":[{"start":{"line":171,"column":6},"end":{"line":173,"column":null}},{"start":{},"end":{}}],"line":171},"31":{"loc":{"start":{"line":176,"column":6},"end":{"line":178,"column":null}},"type":"if","locations":[{"start":{"line":176,"column":6},"end":{"line":178,"column":null}},{"start":{},"end":{}}],"line":176}},"s":{"0":0,"1":0,"2":0,"3":0,"4":0,"5":0,"6":0,"7":0,"8":0,"9":0,"10":0,"11":0,"12":0,"13":0,"14":0,"15":0,"16":0,"17":0,"18":0,"19":0,"20":0,"21":0,"22":0,"23":0,"24":0,"25":0,"26":0,"27":0,"28":0,"29":0,"30":0,"31":0,"32":0,"33":0,"34":0,"35":0,"36":0,"37":0,"38":0,"39":0,"40":0,"41":0,"42":0,"43":0,"44":0,"45":0,"46":0,"47":0,"48":0,"49":0,"50":0,"51":0,"52":0,"53":0,"54":0,"55":0,"56":0},"f":{"0":0,"1":0,"2":0,"3":0,"4":0,"5":0,"6":0,"7":0,"8":0,"9":0,"10":0,"11":0,"12":0,"13":0,"14":0,"15":0},"b":{"0":[0,0],"1":[0,0],"2":[0,0],"3":[0,0],"4":[0,0],"5":[0,0],"6":[0,0],"7":[0,0],"8":[0,0],"9":[0,0],"10":[0,0],"11":[0,0],"12":[0,0],"13":[0,0],"14":[0,0],"15":[0,0],"16":[0,0],"17":[0,0],"18":[0,0],"19":[0,0],"20":[0,0],"21":[0,0],"22":[0,0],"23":[0,0],"24":[0,0],"25":[0,0],"26":[0,0],"27":[0,0],"28":[0,0],"29":[0,0],"30":[0,0],"31":[0,0]},"meta":{"lastBranch":32,"lastFunction":16,"lastStatement":57,"seen":{"s:8:14:8:Infinity":0,"s:10:49:13:Infinity":1,"s:15:46:15:Infinity":2,"f:17:2:17:14":0,"s:17:22:17:49":3,"f:19:15:19:23":1,"s:22:24:26:Infinity":4,"b:28:4:30:Infinity:undefined:undefined:undefined:undefined":0,"s:28:4:30:Infinity":5,"s:29:6:29:Infinity":6,"s:32:19:32:Infinity":7,"s:33:4:33:Infinity":8,"f:36:2:36:10":2,"s:37:4:41:Infinity":9,"b:39:55:39:78:39:78:39:Infinity":1,"b:40:63:40:90:40:90:40:Infinity":2,"f:44:2:44:10":3,"s:45:40:100:Infinity":10,"b:45:76:100:10:100:10:100:Infinity":3,"f:45:94:45:99":4,"s:45:113:100:6":11,"b:46:16:46:32:46:32:46:Infinity":4,"b:47:16:47:32:47:32:47:Infinity":5,"b:48:27:48:54:48:54:48:Infinity":6,"b:49:18:49:36:49:36:49:Infinity":7,"b:50:24:50:48:50:48:50:Infinity":8,"b:51:16:51:32:51:32:51:Infinity":9,"b:52:74:52:100:52:100:52:Infinity":10,"b:53:82:53:112:53:112:53:Infinity":11,"b:54:70:54:94:54:94:54:Infinity":12,"b:55:24:55:48:55:48:55:Infinity":13,"b:56:20:56:40:56:40:56:Infinity":14,"b:57:27:57:54:57:54:57:Infinity":15,"b:58:71:58:96:58:96:58:Infinity":16,"b:59:73:59:99:59:99:59:Infinity":17,"b:62:10:62:40:62:40:71:Infinity":18,"b:74:10:74:40:74:40:82:Infinity":19,"b:85:10:85:42:85:42:91:Infinity":20,"b:94:10:94:40:94:40:99:Infinity":21,"s:102:4:105:Infinity":12,"b:104:89:104:126:104:126:104:Infinity":22,"f:108:2:108:10":5,"s:109:16:109:Infinity":13,"s:110:18:110:Infinity":14,"s:111:4:117:Infinity":15,"s:112:22:112:Infinity":16,"s:113:6:113:Infinity":17,"b:114:6:116:Infinity:undefined:undefined:undefined:undefined":23,"s:114:6:116:Infinity":18,"s:115:8:115:Infinity":19,"s:118:4:118:Infinity":20,"f:121:2:121:10":6,"b:122:4:128:Infinity:undefined:undefined:undefined:undefined":24,"s:122:4:128:Infinity":21,"s:123:6:127:Infinity":22,"s:130:26:130:Infinity":23,"f:130:59:130:63":7,"s:130:68:130:78":24,"s:131:21:131:Infinity":25,"s:134:67:134:Infinity":26,"s:135:4:137:Infinity":27,"f:135:33:135:41":8,"s:136:6:136:Infinity":28,"s:139:4:159:Infinity":29,"f:139:16:139:24":9,"b:141:6:143:Infinity:undefined:undefined:undefined:undefined":25,"s:141:6:143:Infinity":30,"s:142:8:142:Infinity":31,"s:144:6:144:Infinity":32,"b:147:6:149:Infinity:undefined:undefined:undefined:undefined":26,"s:147:6:149:Infinity":33,"s:148:8:148:Infinity":34,"s:152:27:152:Infinity":35,"b:153:6:155:Infinity:undefined:undefined:undefined:undefined":27,"s:153:6:155:Infinity":36,"s:154:8:154:Infinity":37,"b:156:6:158:Infinity:undefined:undefined:undefined:undefined":28,"s:156:6:158:Infinity":38,"s:157:8:157:Infinity":39,"s:162:4:179:Infinity":40,"f:162:31:162:39":10,"s:163:26:163:Infinity":41,"f:163:38:163:45":11,"s:163:50:163:80":42,"s:165:21:165:Infinity":43,"f:165:33:165:40":12,"s:165:45:165:69":44,"b:166:6:168:Infinity:undefined:undefined:undefined:undefined":29,"s:166:6:168:Infinity":45,"s:170:21:170:Infinity":46,"f:170:33:170:40":13,"s:170:45:170:69":47,"b:171:6:173:Infinity:undefined:undefined:undefined:undefined":30,"s:171:6:173:Infinity":48,"s:175:23:175:Infinity":49,"f:175:35:175:42":14,"s:175:47:175:73":50,"b:176:6:178:Infinity:undefined:undefined:undefined:undefined":31,"s:176:6:178:Infinity":51,"s:181:4:181:Infinity":52,"f:184:2:184:10":15,"s:185:26:185:Infinity":53,"s:186:27:186:Infinity":54,"s:187:30:187:Infinity":55,"s:189:4:207:Infinity":56},"fnNames":{}}}
,"D:\\projects\\orivox-ai-studio\\src\\agents\\asset-planner\\types.ts": {"path":"D:\\projects\\orivox-ai-studio\\src\\agents\\asset-planner\\types.ts","statementMap":{},"fnMap":{},"branchMap":{},"s":{},"f":{},"b":{},"meta":{"lastBranch":0,"lastFunction":0,"lastStatement":0,"seen":{},"fnNames":{}}}
,"D:\\projects\\orivox-ai-studio\\src\\agents\\component-planner\\types.ts": {"path":"D:\\projects\\orivox-ai-studio\\src\\agents\\component-planner\\types.ts","statementMap":{},"fnMap":{},"branchMap":{},"s":{},"f":{},"b":{},"meta":{"lastBranch":0,"lastFunction":0,"lastStatement":0,"seen":{},"fnNames":{}}}
,"D:\\projects\\orivox-ai-studio\\src\\agents\\content-planner\\ContentPlannerAgent.ts": {"path":"D:\\projects\\orivox-ai-studio\\src\\agents\\content-planner\\ContentPlannerAgent.ts","statementMap":{"0":{"start":{"line":8,"column":14},"end":{"line":8,"column":null}},"1":{"start":{"line":10,"column":49},"end":{"line":13,"column":null}},"2":{"start":{"line":15,"column":46},"end":{"line":15,"column":null}},"3":{"start":{"line":17,"column":22},"end":{"line":17,"column":49}},"4":{"start":{"line":20,"column":24},"end":{"line":24,"column":null}},"5":{"start":{"line":26,"column":4},"end":{"line":28,"column":null}},"6":{"start":{"line":27,"column":6},"end":{"line":27,"column":null}},"7":{"start":{"line":30,"column":19},"end":{"line":30,"column":null}},"8":{"start":{"line":31,"column":4},"end":{"line":31,"column":null}},"9":{"start":{"line":35,"column":4},"end":{"line":39,"column":null}},"10":{"start":{"line":43,"column":39},"end":{"line":62,"column":null}},"11":{"start":{"line":43,"column":111},"end":{"line":62,"column":6}},"12":{"start":{"line":46,"column":87},"end":{"line":61,"column":8}},"13":{"start":{"line":64,"column":4},"end":{"line":67,"column":null}},"14":{"start":{"line":71,"column":16},"end":{"line":71,"column":null}},"15":{"start":{"line":72,"column":18},"end":{"line":72,"column":null}},"16":{"start":{"line":73,"column":4},"end":{"line":79,"column":null}},"17":{"start":{"line":74,"column":22},"end":{"line":74,"column":null}},"18":{"start":{"line":75,"column":6},"end":{"line":75,"column":null}},"19":{"start":{"line":76,"column":6},"end":{"line":78,"column":null}},"20":{"start":{"line":77,"column":8},"end":{"line":77,"column":null}},"21":{"start":{"line":80,"column":4},"end":{"line":80,"column":null}},"22":{"start":{"line":84,"column":4},"end":{"line":90,"column":null}},"23":{"start":{"line":85,"column":6},"end":{"line":89,"column":null}},"24":{"start":{"line":92,"column":27},"end":{"line":92,"column":null}},"25":{"start":{"line":94,"column":67},"end":{"line":94,"column":null}},"26":{"start":{"line":95,"column":4},"end":{"line":97,"column":null}},"27":{"start":{"line":96,"column":6},"end":{"line":96,"column":null}},"28":{"start":{"line":99,"column":4},"end":{"line":134,"column":null}},"29":{"start":{"line":101,"column":23},"end":{"line":101,"column":null}},"30":{"start":{"line":101,"column":58},"end":{"line":101,"column":91}},"31":{"start":{"line":102,"column":6},"end":{"line":104,"column":null}},"32":{"start":{"line":103,"column":8},"end":{"line":103,"column":null}},"33":{"start":{"line":106,"column":33},"end":{"line":106,"column":null}},"34":{"start":{"line":108,"column":6},"end":{"line":127,"column":null}},"35":{"start":{"line":110,"column":8},"end":{"line":112,"column":null}},"36":{"start":{"line":111,"column":10},"end":{"line":111,"column":null}},"37":{"start":{"line":113,"column":8},"end":{"line":113,"column":null}},"38":{"start":{"line":116,"column":29},"end":{"line":116,"column":null}},"39":{"start":{"line":117,"column":8},"end":{"line":119,"column":null}},"40":{"start":{"line":118,"column":10},"end":{"line":118,"column":null}},"41":{"start":{"line":122,"column":8},"end":{"line":124,"column":null}},"42":{"start":{"line":123,"column":10},"end":{"line":123,"column":null}},"43":{"start":{"line":126,"column":8},"end":{"line":126,"column":null}},"44":{"start":{"line":131,"column":6},"end":{"line":133,"column":null}},"45":{"start":{"line":132,"column":8},"end":{"line":132,"column":null}},"46":{"start":{"line":136,"column":4},"end":{"line":136,"column":null}},"47":{"start":{"line":140,"column":26},"end":{"line":140,"column":null}},"48":{"start":{"line":141,"column":30},"end":{"line":141,"column":null}},"49":{"start":{"line":142,"column":26},"end":{"line":142,"column":null}},"50":{"start":{"line":144,"column":4},"end":{"line":162,"column":null}}},"fnMap":{"0":{"name":"constructor","decl":{"start":{"line":17,"column":2},"end":{"line":17,"column":14}},"loc":{"start":{"line":17,"column":49},"end":{"line":17,"column":null}},"line":17},"1":{"name":"execute","decl":{"start":{"line":19,"column":15},"end":{"line":19,"column":23}},"loc":{"start":{"line":19,"column":125},"end":{"line":32,"column":null}},"line":19},"2":{"name":"parseClarification","decl":{"start":{"line":34,"column":2},"end":{"line":34,"column":10}},"loc":{"start":{"line":34,"column":68},"end":{"line":40,"column":null}},"line":34},"3":{"name":"parse","decl":{"start":{"line":42,"column":2},"end":{"line":42,"column":10}},"loc":{"start":{"line":42,"column":52},"end":{"line":68,"column":null}},"line":42},"4":{"name":"(anonymous_4)","decl":{"start":{"line":43,"column":93},"end":{"line":43,"column":98}},"loc":{"start":{"line":43,"column":111},"end":{"line":62,"column":6}},"line":43},"5":{"name":"(anonymous_5)","decl":{"start":{"line":46,"column":69},"end":{"line":46,"column":74}},"loc":{"start":{"line":46,"column":87},"end":{"line":61,"column":8}},"line":46},"6":{"name":"getAllComponentIds","decl":{"start":{"line":70,"column":2},"end":{"line":70,"column":10}},"loc":{"start":{"line":70,"column":66},"end":{"line":81,"column":null}},"line":70},"7":{"name":"validate","decl":{"start":{"line":83,"column":2},"end":{"line":83,"column":10}},"loc":{"start":{"line":83,"column":116},"end":{"line":137,"column":null}},"line":83},"8":{"name":"(anonymous_8)","decl":{"start":{"line":95,"column":33},"end":{"line":95,"column":41}},"loc":{"start":{"line":95,"column":46},"end":{"line":97,"column":5}},"line":95},"9":{"name":"(anonymous_9)","decl":{"start":{"line":99,"column":16},"end":{"line":99,"column":24}},"loc":{"start":{"line":99,"column":37},"end":{"line":134,"column":5}},"line":99},"10":{"name":"(anonymous_10)","decl":{"start":{"line":101,"column":48},"end":{"line":101,"column":53}},"loc":{"start":{"line":101,"column":58},"end":{"line":101,"column":91}},"line":101},"11":{"name":"(anonymous_11)","decl":{"start":{"line":108,"column":29},"end":{"line":108,"column":37}},"loc":{"start":{"line":108,"column":43},"end":{"line":127,"column":7}},"line":108},"12":{"name":"buildPrompt","decl":{"start":{"line":139,"column":2},"end":{"line":139,"column":10}},"loc":{"start":{"line":139,"column":60},"end":{"line":199,"column":null}},"line":139}},"branchMap":{"0":{"loc":{"start":{"line":26,"column":4},"end":{"line":28,"column":null}},"type":"if","locations":[{"start":{"line":26,"column":4},"end":{"line":28,"column":null}},{"start":{},"end":{}}],"line":26},"1":{"loc":{"start":{"line":37,"column":17},"end":{"line":37,"column":null}},"type":"cond-expr","locations":[{"start":{"line":37,"column":55},"end":{"line":37,"column":78}},{"start":{"line":37,"column":78},"end":{"line":37,"column":null}}],"line":37},"2":{"loc":{"start":{"line":38,"column":21},"end":{"line":38,"column":null}},"type":"cond-expr","locations":[{"start":{"line":38,"column":63},"end":{"line":38,"column":90}},{"start":{"line":38,"column":90},"end":{"line":38,"column":null}}],"line":38},"3":{"loc":{"start":{"line":43,"column":39},"end":{"line":62,"column":null}},"type":"cond-expr","locations":[{"start":{"line":43,"column":75},"end":{"line":62,"column":10}},{"start":{"line":62,"column":10},"end":{"line":62,"column":null}}],"line":43},"4":{"loc":{"start":{"line":44,"column":16},"end":{"line":44,"column":null}},"type":"binary-expr","locations":[{"start":{"line":44,"column":16},"end":{"line":44,"column":31}},{"start":{"line":44,"column":31},"end":{"line":44,"column":null}}],"line":44},"5":{"loc":{"start":{"line":45,"column":31},"end":{"line":45,"column":null}},"type":"cond-expr","locations":[{"start":{"line":45,"column":80},"end":{"line":45,"column":109}},{"start":{"line":45,"column":109},"end":{"line":45,"column":null}}],"line":45},"6":{"loc":{"start":{"line":46,"column":20},"end":{"line":61,"column":null}},"type":"cond-expr","locations":[{"start":{"line":46,"column":53},"end":{"line":61,"column":12}},{"start":{"line":61,"column":12},"end":{"line":61,"column":null}}],"line":46},"7":{"loc":{"start":{"line":47,"column":24},"end":{"line":47,"column":null}},"type":"binary-expr","locations":[{"start":{"line":47,"column":24},"end":{"line":47,"column":45}},{"start":{"line":47,"column":45},"end":{"line":47,"column":null}}],"line":47},"8":{"loc":{"start":{"line":48,"column":29},"end":{"line":48,"column":null}},"type":"binary-expr","locations":[{"start":{"line":48,"column":29},"end":{"line":48,"column":55}},{"start":{"line":48,"column":55},"end":{"line":48,"column":null}}],"line":48},"9":{"loc":{"start":{"line":49,"column":22},"end":{"line":49,"column":null}},"type":"binary-expr","locations":[{"start":{"line":49,"column":22},"end":{"line":49,"column":41}},{"start":{"line":49,"column":41},"end":{"line":49,"column":null}}],"line":49},"10":{"loc":{"start":{"line":50,"column":23},"end":{"line":50,"column":null}},"type":"binary-expr","locations":[{"start":{"line":50,"column":23},"end":{"line":50,"column":43}},{"start":{"line":50,"column":43},"end":{"line":50,"column":null}}],"line":50},"11":{"loc":{"start":{"line":51,"column":18},"end":{"line":51,"column":null}},"type":"binary-expr","locations":[{"start":{"line":51,"column":18},"end":{"line":51,"column":33}},{"start":{"line":51,"column":33},"end":{"line":51,"column":null}}],"line":51},"12":{"loc":{"start":{"line":52,"column":30},"end":{"line":52,"column":null}},"type":"cond-expr","locations":[{"start":{"line":52,"column":76},"end":{"line":52,"column":102}},{"start":{"line":52,"column":102},"end":{"line":52,"column":null}}],"line":52},"13":{"loc":{"start":{"line":53,"column":19},"end":{"line":53,"column":null}},"type":"cond-expr","locations":[{"start":{"line":53,"column":54},"end":{"line":53,"column":69}},{"start":{"line":53,"column":69},"end":{"line":53,"column":null}}],"line":53},"14":{"loc":{"start":{"line":54,"column":19},"end":{"line":54,"column":null}},"type":"cond-expr","locations":[{"start":{"line":54,"column":54},"end":{"line":54,"column":69}},{"start":{"line":54,"column":69},"end":{"line":54,"column":null}}],"line":54},"15":{"loc":{"start":{"line":55,"column":14},"end":{"line":55,"column":null}},"type":"binary-expr","locations":[{"start":{"line":55,"column":14},"end":{"line":55,"column":25}},{"start":{"line":55,"column":25},"end":{"line":55,"column":null}}],"line":55},"16":{"loc":{"start":{"line":56,"column":23},"end":{"line":56,"column":null}},"type":"binary-expr","locations":[{"start":{"line":56,"column":23},"end":{"line":56,"column":43}},{"start":{"line":56,"column":43},"end":{"line":56,"column":null}}],"line":56},"17":{"loc":{"start":{"line":57,"column":18},"end":{"line":57,"column":null}},"type":"binary-expr","locations":[{"start":{"line":57,"column":18},"end":{"line":57,"column":33}},{"start":{"line":57,"column":33},"end":{"line":57,"column":null}}],"line":57},"18":{"loc":{"start":{"line":58,"column":18},"end":{"line":58,"column":null}},"type":"binary-expr","locations":[{"start":{"line":58,"column":18},"end":{"line":58,"column":33}},{"start":{"line":58,"column":33},"end":{"line":58,"column":null}}],"line":58},"19":{"loc":{"start":{"line":59,"column":26},"end":{"line":59,"column":null}},"type":"cond-expr","locations":[{"start":{"line":59,"column":63},"end":{"line":59,"column":85}},{"start":{"line":59,"column":85},"end":{"line":59,"column":null}}],"line":59},"20":{"loc":{"start":{"line":60,"column":29},"end":{"line":60,"column":null}},"type":"cond-expr","locations":[{"start":{"line":60,"column":74},"end":{"line":60,"column":99}},{"start":{"line":60,"column":99},"end":{"line":60,"column":null}}],"line":60},"21":{"loc":{"start":{"line":66,"column":31},"end":{"line":66,"column":null}},"type":"cond-expr","locations":[{"start":{"line":66,"column":89},"end":{"line":66,"column":126}},{"start":{"line":66,"column":126},"end":{"line":66,"column":null}}],"line":66},"22":{"loc":{"start":{"line":76,"column":6},"end":{"line":78,"column":null}},"type":"if","locations":[{"start":{"line":76,"column":6},"end":{"line":78,"column":null}},{"start":{},"end":{}}],"line":76},"23":{"loc":{"start":{"line":84,"column":4},"end":{"line":90,"column":null}},"type":"if","locations":[{"start":{"line":84,"column":4},"end":{"line":90,"column":null}},{"start":{},"end":{}}],"line":84},"24":{"loc":{"start":{"line":102,"column":6},"end":{"line":104,"column":null}},"type":"if","locations":[{"start":{"line":102,"column":6},"end":{"line":104,"column":null}},{"start":{},"end":{}}],"line":102},"25":{"loc":{"start":{"line":110,"column":8},"end":{"line":112,"column":null}},"type":"if","locations":[{"start":{"line":110,"column":8},"end":{"line":112,"column":null}},{"start":{},"end":{}}],"line":110},"26":{"loc":{"start":{"line":117,"column":8},"end":{"line":119,"column":null}},"type":"if","locations":[{"start":{"line":117,"column":8},"end":{"line":119,"column":null}},{"start":{},"end":{}}],"line":117},"27":{"loc":{"start":{"line":117,"column":12},"end":{"line":117,"column":72}},"type":"binary-expr","locations":[{"start":{"line":117,"column":12},"end":{"line":117,"column":29}},{"start":{"line":117,"column":29},"end":{"line":117,"column":72}}],"line":117},"28":{"loc":{"start":{"line":122,"column":8},"end":{"line":124,"column":null}},"type":"if","locations":[{"start":{"line":122,"column":8},"end":{"line":124,"column":null}},{"start":{},"end":{}}],"line":122},"29":{"loc":{"start":{"line":131,"column":6},"end":{"line":133,"column":null}},"type":"if","locations":[{"start":{"line":131,"column":6},"end":{"line":133,"column":null}},{"start":{},"end":{}}],"line":131}},"s":{"0":0,"1":0,"2":0,"3":0,"4":0,"5":0,"6":0,"7":0,"8":0,"9":0,"10":0,"11":0,"12":0,"13":0,"14":0,"15":0,"16":0,"17":0,"18":0,"19":0,"20":0,"21":0,"22":0,"23":0,"24":0,"25":0,"26":0,"27":0,"28":0,"29":0,"30":0,"31":0,"32":0,"33":0,"34":0,"35":0,"36":0,"37":0,"38":0,"39":0,"40":0,"41":0,"42":0,"43":0,"44":0,"45":0,"46":0,"47":0,"48":0,"49":0,"50":0},"f":{"0":0,"1":0,"2":0,"3":0,"4":0,"5":0,"6":0,"7":0,"8":0,"9":0,"10":0,"11":0,"12":0},"b":{"0":[0,0],"1":[0,0],"2":[0,0],"3":[0,0],"4":[0,0],"5":[0,0],"6":[0,0],"7":[0,0],"8":[0,0],"9":[0,0],"10":[0,0],"11":[0,0],"12":[0,0],"13":[0,0],"14":[0,0],"15":[0,0],"16":[0,0],"17":[0,0],"18":[0,0],"19":[0,0],"20":[0,0],"21":[0,0],"22":[0,0],"23":[0,0],"24":[0,0],"25":[0,0],"26":[0,0],"27":[0,0],"28":[0,0],"29":[0,0]},"meta":{"lastBranch":30,"lastFunction":13,"lastStatement":51,"seen":{"s:8:14:8:Infinity":0,"s:10:49:13:Infinity":1,"s:15:46:15:Infinity":2,"f:17:2:17:14":0,"s:17:22:17:49":3,"f:19:15:19:23":1,"s:20:24:24:Infinity":4,"b:26:4:28:Infinity:undefined:undefined:undefined:undefined":0,"s:26:4:28:Infinity":5,"s:27:6:27:Infinity":6,"s:30:19:30:Infinity":7,"s:31:4:31:Infinity":8,"f:34:2:34:10":2,"s:35:4:39:Infinity":9,"b:37:55:37:78:37:78:37:Infinity":1,"b:38:63:38:90:38:90:38:Infinity":2,"f:42:2:42:10":3,"s:43:39:62:Infinity":10,"b:43:75:62:10:62:10:62:Infinity":3,"f:43:93:43:98":4,"s:43:111:62:6":11,"b:44:16:44:31:44:31:44:Infinity":4,"b:45:80:45:109:45:109:45:Infinity":5,"b:46:53:61:12:61:12:61:Infinity":6,"f:46:69:46:74":5,"s:46:87:61:8":12,"b:47:24:47:45:47:45:47:Infinity":7,"b:48:29:48:55:48:55:48:Infinity":8,"b:49:22:49:41:49:41:49:Infinity":9,"b:50:23:50:43:50:43:50:Infinity":10,"b:51:18:51:33:51:33:51:Infinity":11,"b:52:76:52:102:52:102:52:Infinity":12,"b:53:54:53:69:53:69:53:Infinity":13,"b:54:54:54:69:54:69:54:Infinity":14,"b:55:14:55:25:55:25:55:Infinity":15,"b:56:23:56:43:56:43:56:Infinity":16,"b:57:18:57:33:57:33:57:Infinity":17,"b:58:18:58:33:58:33:58:Infinity":18,"b:59:63:59:85:59:85:59:Infinity":19,"b:60:74:60:99:60:99:60:Infinity":20,"s:64:4:67:Infinity":13,"b:66:89:66:126:66:126:66:Infinity":21,"f:70:2:70:10":6,"s:71:16:71:Infinity":14,"s:72:18:72:Infinity":15,"s:73:4:79:Infinity":16,"s:74:22:74:Infinity":17,"s:75:6:75:Infinity":18,"b:76:6:78:Infinity:undefined:undefined:undefined:undefined":22,"s:76:6:78:Infinity":19,"s:77:8:77:Infinity":20,"s:80:4:80:Infinity":21,"f:83:2:83:10":7,"b:84:4:90:Infinity:undefined:undefined:undefined:undefined":23,"s:84:4:90:Infinity":22,"s:85:6:89:Infinity":23,"s:92:27:92:Infinity":24,"s:94:67:94:Infinity":25,"s:95:4:97:Infinity":26,"f:95:33:95:41":8,"s:96:6:96:Infinity":27,"s:99:4:134:Infinity":28,"f:99:16:99:24":9,"s:101:23:101:Infinity":29,"f:101:48:101:53":10,"s:101:58:101:91":30,"b:102:6:104:Infinity:undefined:undefined:undefined:undefined":24,"s:102:6:104:Infinity":31,"s:103:8:103:Infinity":32,"s:106:33:106:Infinity":33,"s:108:6:127:Infinity":34,"f:108:29:108:37":11,"b:110:8:112:Infinity:undefined:undefined:undefined:undefined":25,"s:110:8:112:Infinity":35,"s:111:10:111:Infinity":36,"s:113:8:113:Infinity":37,"s:116:29:116:Infinity":38,"b:117:8:119:Infinity:undefined:undefined:undefined:undefined":26,"s:117:8:119:Infinity":39,"b:117:12:117:29:117:29:117:72":27,"s:118:10:118:Infinity":40,"b:122:8:124:Infinity:undefined:undefined:undefined:undefined":28,"s:122:8:124:Infinity":41,"s:123:10:123:Infinity":42,"s:126:8:126:Infinity":43,"b:131:6:133:Infinity:undefined:undefined:undefined:undefined":29,"s:131:6:133:Infinity":44,"s:132:8:132:Infinity":45,"s:136:4:136:Infinity":46,"f:139:2:139:10":12,"s:140:26:140:Infinity":47,"s:141:30:141:Infinity":48,"s:142:26:142:Infinity":49,"s:144:4:162:Infinity":50},"fnNames":{}}}
,"D:\\projects\\orivox-ai-studio\\src\\agents\\content-planner\\types.ts": {"path":"D:\\projects\\orivox-ai-studio\\src\\agents\\content-planner\\types.ts","statementMap":{},"fnMap":{},"branchMap":{},"s":{},"f":{},"b":{},"meta":{"lastBranch":0,"lastFunction":0,"lastStatement":0,"seen":{},"fnNames":{}}}
,"D:\\projects\\orivox-ai-studio\\src\\agents\\content-writer\\ContentWriterAgent.ts": {"path":"D:\\projects\\orivox-ai-studio\\src\\agents\\content-writer\\ContentWriterAgent.ts","statementMap":{"0":{"start":{"line":8,"column":14},"end":{"line":8,"column":null}},"1":{"start":{"line":10,"column":49},"end":{"line":13,"column":null}},"2":{"start":{"line":15,"column":46},"end":{"line":15,"column":null}},"3":{"start":{"line":17,"column":22},"end":{"line":17,"column":49}},"4":{"start":{"line":20,"column":24},"end":{"line":24,"column":null}},"5":{"start":{"line":26,"column":4},"end":{"line":28,"column":null}},"6":{"start":{"line":27,"column":6},"end":{"line":27,"column":null}},"7":{"start":{"line":30,"column":19},"end":{"line":30,"column":null}},"8":{"start":{"line":31,"column":4},"end":{"line":31,"column":null}},"9":{"start":{"line":35,"column":4},"end":{"line":39,"column":null}},"10":{"start":{"line":43,"column":41},"end":{"line":51,"column":null}},"11":{"start":{"line":43,"column":113},"end":{"line":51,"column":6}},"12":{"start":{"line":45,"column":117},"end":{"line":50,"column":8}},"13":{"start":{"line":53,"column":4},"end":{"line":56,"column":null}},"14":{"start":{"line":60,"column":4},"end":{"line":66,"column":null}},"15":{"start":{"line":61,"column":6},"end":{"line":61,"column":null}},"16":{"start":{"line":62,"column":11},"end":{"line":66,"column":null}},"17":{"start":{"line":63,"column":6},"end":{"line":63,"column":null}},"18":{"start":{"line":63,"column":54},"end":{"line":63,"column":91}},"19":{"start":{"line":64,"column":11},"end":{"line":66,"column":null}},"20":{"start":{"line":65,"column":6},"end":{"line":65,"column":null}},"21":{"start":{"line":65,"column":69},"end":{"line":65,"column":106}},"22":{"start":{"line":67,"column":4},"end":{"line":67,"column":null}},"23":{"start":{"line":71,"column":4},"end":{"line":77,"column":null}},"24":{"start":{"line":72,"column":6},"end":{"line":76,"column":null}},"25":{"start":{"line":80,"column":33},"end":{"line":80,"column":null}},"26":{"start":{"line":81,"column":4},"end":{"line":87,"column":null}},"27":{"start":{"line":82,"column":6},"end":{"line":86,"column":null}},"28":{"start":{"line":83,"column":8},"end":{"line":85,"column":null}},"29":{"start":{"line":84,"column":10},"end":{"line":84,"column":null}},"30":{"start":{"line":89,"column":31},"end":{"line":89,"column":null}},"31":{"start":{"line":91,"column":4},"end":{"line":117,"column":null}},"32":{"start":{"line":92,"column":6},"end":{"line":116,"column":null}},"33":{"start":{"line":94,"column":8},"end":{"line":96,"column":null}},"34":{"start":{"line":95,"column":10},"end":{"line":95,"column":null}},"35":{"start":{"line":97,"column":8},"end":{"line":97,"column":null}},"36":{"start":{"line":99,"column":25},"end":{"line":99,"column":null}},"37":{"start":{"line":100,"column":8},"end":{"line":102,"column":null}},"38":{"start":{"line":101,"column":10},"end":{"line":101,"column":null}},"39":{"start":{"line":105,"column":32},"end":{"line":105,"column":null}},"40":{"start":{"line":107,"column":8},"end":{"line":109,"column":null}},"41":{"start":{"line":108,"column":11},"end":{"line":108,"column":null}},"42":{"start":{"line":110,"column":8},"end":{"line":112,"column":null}},"43":{"start":{"line":111,"column":11},"end":{"line":111,"column":null}},"44":{"start":{"line":115,"column":8},"end":{"line":115,"column":null}},"45":{"start":{"line":120,"column":4},"end":{"line":124,"column":null}},"46":{"start":{"line":121,"column":6},"end":{"line":123,"column":null}},"47":{"start":{"line":122,"column":8},"end":{"line":122,"column":null}},"48":{"start":{"line":126,"column":4},"end":{"line":126,"column":null}},"49":{"start":{"line":130,"column":25},"end":{"line":132,"column":null}},"50":{"start":{"line":135,"column":30},"end":{"line":140,"column":null}},"51":{"start":{"line":136,"column":60},"end":{"line":139,"column":10}},"52":{"start":{"line":138,"column":51},"end":{"line":138,"column":109}},"53":{"start":{"line":139,"column":24},"end":{"line":139,"column":49}},"54":{"start":{"line":142,"column":4},"end":{"line":154,"column":null}}},"fnMap":{"0":{"name":"constructor","decl":{"start":{"line":17,"column":2},"end":{"line":17,"column":14}},"loc":{"start":{"line":17,"column":49},"end":{"line":17,"column":null}},"line":17},"1":{"name":"execute","decl":{"start":{"line":19,"column":15},"end":{"line":19,"column":23}},"loc":{"start":{"line":19,"column":120},"end":{"line":32,"column":null}},"line":19},"2":{"name":"parseClarification","decl":{"start":{"line":34,"column":2},"end":{"line":34,"column":10}},"loc":{"start":{"line":34,"column":68},"end":{"line":40,"column":null}},"line":34},"3":{"name":"parse","decl":{"start":{"line":42,"column":2},"end":{"line":42,"column":10}},"loc":{"start":{"line":42,"column":48},"end":{"line":57,"column":null}},"line":42},"4":{"name":"(anonymous_4)","decl":{"start":{"line":43,"column":95},"end":{"line":43,"column":100}},"loc":{"start":{"line":43,"column":113},"end":{"line":51,"column":6}},"line":43},"5":{"name":"(anonymous_5)","decl":{"start":{"line":45,"column":99},"end":{"line":45,"column":104}},"loc":{"start":{"line":45,"column":117},"end":{"line":50,"column":8}},"line":45},"6":{"name":"calculateWordCount","decl":{"start":{"line":59,"column":2},"end":{"line":59,"column":10}},"loc":{"start":{"line":59,"column":49},"end":{"line":68,"column":null}},"line":59},"7":{"name":"(anonymous_7)","decl":{"start":{"line":63,"column":19},"end":{"line":63,"column":27}},"loc":{"start":{"line":63,"column":54},"end":{"line":63,"column":91}},"line":63},"8":{"name":"(anonymous_8)","decl":{"start":{"line":65,"column":34},"end":{"line":65,"column":42}},"loc":{"start":{"line":65,"column":69},"end":{"line":65,"column":106}},"line":65},"9":{"name":"validate","decl":{"start":{"line":70,"column":2},"end":{"line":70,"column":10}},"loc":{"start":{"line":70,"column":109},"end":{"line":127,"column":null}},"line":70},"10":{"name":"(anonymous_10)","decl":{"start":{"line":81,"column":31},"end":{"line":81,"column":39}},"loc":{"start":{"line":81,"column":48},"end":{"line":87,"column":5}},"line":81},"11":{"name":"(anonymous_11)","decl":{"start":{"line":82,"column":25},"end":{"line":82,"column":33}},"loc":{"start":{"line":82,"column":39},"end":{"line":86,"column":7}},"line":82},"12":{"name":"(anonymous_12)","decl":{"start":{"line":91,"column":18},"end":{"line":91,"column":26}},"loc":{"start":{"line":91,"column":38},"end":{"line":117,"column":5}},"line":91},"13":{"name":"(anonymous_13)","decl":{"start":{"line":92,"column":38},"end":{"line":92,"column":46}},"loc":{"start":{"line":92,"column":55},"end":{"line":116,"column":7}},"line":92},"14":{"name":"buildPrompt","decl":{"start":{"line":129,"column":2},"end":{"line":129,"column":10}},"loc":{"start":{"line":129,"column":59},"end":{"line":180,"column":null}},"line":129},"15":{"name":"(anonymous_15)","decl":{"start":{"line":136,"column":50},"end":{"line":136,"column":54}},"loc":{"start":{"line":136,"column":60},"end":{"line":139,"column":10}},"line":136},"16":{"name":"(anonymous_16)","decl":{"start":{"line":138,"column":39},"end":{"line":138,"column":46}},"loc":{"start":{"line":138,"column":51},"end":{"line":138,"column":109}},"line":138},"17":{"name":"(anonymous_17)","decl":{"start":{"line":139,"column":12},"end":{"line":139,"column":19}},"loc":{"start":{"line":139,"column":24},"end":{"line":139,"column":49}},"line":139}},"branchMap":{"0":{"loc":{"start":{"line":26,"column":4},"end":{"line":28,"column":null}},"type":"if","locations":[{"start":{"line":26,"column":4},"end":{"line":28,"column":null}},{"start":{},"end":{}}],"line":26},"1":{"loc":{"start":{"line":37,"column":17},"end":{"line":37,"column":null}},"type":"cond-expr","locations":[{"start":{"line":37,"column":55},"end":{"line":37,"column":78}},{"start":{"line":37,"column":78},"end":{"line":37,"column":null}}],"line":37},"2":{"loc":{"start":{"line":38,"column":21},"end":{"line":38,"column":null}},"type":"cond-expr","locations":[{"start":{"line":38,"column":63},"end":{"line":38,"column":90}},{"start":{"line":38,"column":90},"end":{"line":38,"column":null}}],"line":38},"3":{"loc":{"start":{"line":43,"column":41},"end":{"line":51,"column":null}},"type":"cond-expr","locations":[{"start":{"line":43,"column":77},"end":{"line":51,"column":10}},{"start":{"line":51,"column":10},"end":{"line":51,"column":null}}],"line":43},"4":{"loc":{"start":{"line":44,"column":16},"end":{"line":44,"column":null}},"type":"binary-expr","locations":[{"start":{"line":44,"column":16},"end":{"line":44,"column":31}},{"start":{"line":44,"column":31},"end":{"line":44,"column":null}}],"line":44},"5":{"loc":{"start":{"line":45,"column":30},"end":{"line":50,"column":null}},"type":"cond-expr","locations":[{"start":{"line":45,"column":73},"end":{"line":50,"column":12}},{"start":{"line":50,"column":12},"end":{"line":50,"column":null}}],"line":45},"6":{"loc":{"start":{"line":46,"column":24},"end":{"line":46,"column":null}},"type":"binary-expr","locations":[{"start":{"line":46,"column":24},"end":{"line":46,"column":45}},{"start":{"line":46,"column":45},"end":{"line":46,"column":null}}],"line":46},"7":{"loc":{"start":{"line":48,"column":20},"end":{"line":48,"column":null}},"type":"cond-expr","locations":[{"start":{"line":48,"column":56},"end":{"line":48,"column":72}},{"start":{"line":48,"column":72},"end":{"line":48,"column":null}}],"line":48},"8":{"loc":{"start":{"line":49,"column":22},"end":{"line":49,"column":null}},"type":"binary-expr","locations":[{"start":{"line":49,"column":22},"end":{"line":49,"column":41}},{"start":{"line":49,"column":41},"end":{"line":49,"column":null}}],"line":49},"9":{"loc":{"start":{"line":55,"column":31},"end":{"line":55,"column":null}},"type":"cond-expr","locations":[{"start":{"line":55,"column":89},"end":{"line":55,"column":126}},{"start":{"line":55,"column":126},"end":{"line":55,"column":null}}],"line":55},"10":{"loc":{"start":{"line":60,"column":4},"end":{"line":66,"column":null}},"type":"if","locations":[{"start":{"line":60,"column":4},"end":{"line":66,"column":null}},{"start":{"line":62,"column":11},"end":{"line":66,"column":null}}],"line":60},"11":{"loc":{"start":{"line":62,"column":11},"end":{"line":66,"column":null}},"type":"if","locations":[{"start":{"line":62,"column":11},"end":{"line":66,"column":null}},{"start":{"line":64,"column":11},"end":{"line":66,"column":null}}],"line":62},"12":{"loc":{"start":{"line":64,"column":11},"end":{"line":66,"column":null}},"type":"if","locations":[{"start":{"line":64,"column":11},"end":{"line":66,"column":null}},{"start":{},"end":{}}],"line":64},"13":{"loc":{"start":{"line":64,"column":15},"end":{"line":64,"column":60}},"type":"binary-expr","locations":[{"start":{"line":64,"column":15},"end":{"line":64,"column":44}},{"start":{"line":64,"column":44},"end":{"line":64,"column":60}}],"line":64},"14":{"loc":{"start":{"line":71,"column":4},"end":{"line":77,"column":null}},"type":"if","locations":[{"start":{"line":71,"column":4},"end":{"line":77,"column":null}},{"start":{},"end":{}}],"line":71},"15":{"loc":{"start":{"line":83,"column":8},"end":{"line":85,"column":null}},"type":"if","locations":[{"start":{"line":83,"column":8},"end":{"line":85,"column":null}},{"start":{},"end":{}}],"line":83},"16":{"loc":{"start":{"line":83,"column":12},"end":{"line":83,"column":107}},"type":"binary-expr","locations":[{"start":{"line":83,"column":12},"end":{"line":83,"column":47}},{"start":{"line":83,"column":47},"end":{"line":83,"column":107}}],"line":83},"17":{"loc":{"start":{"line":94,"column":8},"end":{"line":96,"column":null}},"type":"if","locations":[{"start":{"line":94,"column":8},"end":{"line":96,"column":null}},{"start":{},"end":{}}],"line":94},"18":{"loc":{"start":{"line":100,"column":8},"end":{"line":102,"column":null}},"type":"if","locations":[{"start":{"line":100,"column":8},"end":{"line":102,"column":null}},{"start":{},"end":{}}],"line":100},"19":{"loc":{"start":{"line":107,"column":8},"end":{"line":109,"column":null}},"type":"if","locations":[{"start":{"line":107,"column":8},"end":{"line":109,"column":null}},{"start":{},"end":{}}],"line":107},"20":{"loc":{"start":{"line":110,"column":8},"end":{"line":112,"column":null}},"type":"if","locations":[{"start":{"line":110,"column":8},"end":{"line":112,"column":null}},{"start":{},"end":{}}],"line":110},"21":{"loc":{"start":{"line":121,"column":6},"end":{"line":123,"column":null}},"type":"if","locations":[{"start":{"line":121,"column":6},"end":{"line":123,"column":null}},{"start":{},"end":{}}],"line":121},"22":{"loc":{"start":{"line":130,"column":25},"end":{"line":132,"column":null}},"type":"cond-expr","locations":[{"start":{"line":131,"column":8},"end":{"line":131,"column":null}},{"start":{"line":132,"column":8},"end":{"line":132,"column":null}}],"line":130},"23":{"loc":{"start":{"line":135,"column":30},"end":{"line":140,"column":null}},"type":"cond-expr","locations":[{"start":{"line":136,"column":8},"end":{"line":139,"column":null}},{"start":{"line":140,"column":8},"end":{"line":140,"column":null}}],"line":135}},"s":{"0":0,"1":0,"2":0,"3":0,"4":0,"5":0,"6":0,"7":0,"8":0,"9":0,"10":0,"11":0,"12":0,"13":0,"14":0,"15":0,"16":0,"17":0,"18":0,"19":0,"20":0,"21":0,"22":0,"23":0,"24":0,"25":0,"26":0,"27":0,"28":0,"29":0,"30":0,"31":0,"32":0,"33":0,"34":0,"35":0,"36":0,"37":0,"38":0,"39":0,"40":0,"41":0,"42":0,"43":0,"44":0,"45":0,"46":0,"47":0,"48":0,"49":0,"50":0,"51":0,"52":0,"53":0,"54":0},"f":{"0":0,"1":0,"2":0,"3":0,"4":0,"5":0,"6":0,"7":0,"8":0,"9":0,"10":0,"11":0,"12":0,"13":0,"14":0,"15":0,"16":0,"17":0},"b":{"0":[0,0],"1":[0,0],"2":[0,0],"3":[0,0],"4":[0,0],"5":[0,0],"6":[0,0],"7":[0,0],"8":[0,0],"9":[0,0],"10":[0,0],"11":[0,0],"12":[0,0],"13":[0,0],"14":[0,0],"15":[0,0],"16":[0,0],"17":[0,0],"18":[0,0],"19":[0,0],"20":[0,0],"21":[0,0],"22":[0,0],"23":[0,0]},"meta":{"lastBranch":24,"lastFunction":18,"lastStatement":55,"seen":{"s:8:14:8:Infinity":0,"s:10:49:13:Infinity":1,"s:15:46:15:Infinity":2,"f:17:2:17:14":0,"s:17:22:17:49":3,"f:19:15:19:23":1,"s:20:24:24:Infinity":4,"b:26:4:28:Infinity:undefined:undefined:undefined:undefined":0,"s:26:4:28:Infinity":5,"s:27:6:27:Infinity":6,"s:30:19:30:Infinity":7,"s:31:4:31:Infinity":8,"f:34:2:34:10":2,"s:35:4:39:Infinity":9,"b:37:55:37:78:37:78:37:Infinity":1,"b:38:63:38:90:38:90:38:Infinity":2,"f:42:2:42:10":3,"s:43:41:51:Infinity":10,"b:43:77:51:10:51:10:51:Infinity":3,"f:43:95:43:100":4,"s:43:113:51:6":11,"b:44:16:44:31:44:31:44:Infinity":4,"b:45:73:50:12:50:12:50:Infinity":5,"f:45:99:45:104":5,"s:45:117:50:8":12,"b:46:24:46:45:46:45:46:Infinity":6,"b:48:56:48:72:48:72:48:Infinity":7,"b:49:22:49:41:49:41:49:Infinity":8,"s:53:4:56:Infinity":13,"b:55:89:55:126:55:126:55:Infinity":9,"f:59:2:59:10":6,"b:60:4:66:Infinity:62:11:66:Infinity":10,"s:60:4:66:Infinity":14,"s:61:6:61:Infinity":15,"b:62:11:66:Infinity:64:11:66:Infinity":11,"s:62:11:66:Infinity":16,"s:63:6:63:Infinity":17,"f:63:19:63:27":7,"s:63:54:63:91":18,"b:64:11:66:Infinity:undefined:undefined:undefined:undefined":12,"s:64:11:66:Infinity":19,"b:64:15:64:44:64:44:64:60":13,"s:65:6:65:Infinity":20,"f:65:34:65:42":8,"s:65:69:65:106":21,"s:67:4:67:Infinity":22,"f:70:2:70:10":9,"b:71:4:77:Infinity:undefined:undefined:undefined:undefined":14,"s:71:4:77:Infinity":23,"s:72:6:76:Infinity":24,"s:80:33:80:Infinity":25,"s:81:4:87:Infinity":26,"f:81:31:81:39":10,"s:82:6:86:Infinity":27,"f:82:25:82:33":11,"b:83:8:85:Infinity:undefined:undefined:undefined:undefined":15,"s:83:8:85:Infinity":28,"b:83:12:83:47:83:47:83:107":16,"s:84:10:84:Infinity":29,"s:89:31:89:Infinity":30,"s:91:4:117:Infinity":31,"f:91:18:91:26":12,"s:92:6:116:Infinity":32,"f:92:38:92:46":13,"b:94:8:96:Infinity:undefined:undefined:undefined:undefined":17,"s:94:8:96:Infinity":33,"s:95:10:95:Infinity":34,"s:97:8:97:Infinity":35,"s:99:25:99:Infinity":36,"b:100:8:102:Infinity:undefined:undefined:undefined:undefined":18,"s:100:8:102:Infinity":37,"s:101:10:101:Infinity":38,"s:105:32:105:Infinity":39,"b:107:8:109:Infinity:undefined:undefined:undefined:undefined":19,"s:107:8:109:Infinity":40,"s:108:11:108:Infinity":41,"b:110:8:112:Infinity:undefined:undefined:undefined:undefined":20,"s:110:8:112:Infinity":42,"s:111:11:111:Infinity":43,"s:115:8:115:Infinity":44,"s:120:4:124:Infinity":45,"b:121:6:123:Infinity:undefined:undefined:undefined:undefined":21,"s:121:6:123:Infinity":46,"s:122:8:122:Infinity":47,"s:126:4:126:Infinity":48,"f:129:2:129:10":14,"s:130:25:132:Infinity":49,"b:131:8:131:Infinity:132:8:132:Infinity":22,"s:135:30:140:Infinity":50,"b:136:8:139:Infinity:140:8:140:Infinity":23,"f:136:50:136:54":15,"s:136:60:139:10":51,"f:138:39:138:46":16,"s:138:51:138:109":52,"f:139:12:139:19":17,"s:139:24:139:49":53,"s:142:4:154:Infinity":54},"fnNames":{}}}
,"D:\\projects\\orivox-ai-studio\\src\\agents\\content-writer\\types.ts": {"path":"D:\\projects\\orivox-ai-studio\\src\\agents\\content-writer\\types.ts","statementMap":{},"fnMap":{},"branchMap":{},"s":{},"f":{},"b":{},"meta":{"lastBranch":0,"lastFunction":0,"lastStatement":0,"seen":{},"fnNames":{}}}
,"D:\\projects\\orivox-ai-studio\\src\\agents\\intent\\IntentAgent.ts": {"path":"D:\\projects\\orivox-ai-studio\\src\\agents\\intent\\IntentAgent.ts","statementMap":{"0":{"start":{"line":6,"column":14},"end":{"line":6,"column":null}},"1":{"start":{"line":7,"column":49},"end":{"line":10,"column":null}},"2":{"start":{"line":12,"column":46},"end":{"line":12,"column":null}},"3":{"start":{"line":14,"column":22},"end":{"line":14,"column":49}},"4":{"start":{"line":17,"column":24},"end":{"line":21,"column":null}},"5":{"start":{"line":23,"column":4},"end":{"line":25,"column":null}},"6":{"start":{"line":24,"column":6},"end":{"line":24,"column":null}},"7":{"start":{"line":27,"column":19},"end":{"line":27,"column":null}},"8":{"start":{"line":28,"column":4},"end":{"line":28,"column":null}},"9":{"start":{"line":32,"column":4},"end":{"line":36,"column":null}},"10":{"start":{"line":40,"column":10},"end":{"line":43,"column":null}},"11":{"start":{"line":40,"column":72},"end":{"line":43,"column":null}},"12":{"start":{"line":45,"column":4},"end":{"line":70,"column":null}},"13":{"start":{"line":74,"column":42},"end":{"line":74,"column":null}},"14":{"start":{"line":77,"column":4},"end":{"line":81,"column":null}},"15":{"start":{"line":78,"column":6},"end":{"line":80,"column":null}},"16":{"start":{"line":79,"column":8},"end":{"line":79,"column":null}},"17":{"start":{"line":91,"column":4},"end":{"line":93,"column":null}},"18":{"start":{"line":92,"column":6},"end":{"line":92,"column":null}},"19":{"start":{"line":95,"column":4},"end":{"line":95,"column":null}},"20":{"start":{"line":99,"column":4},"end":{"line":106,"column":null}}},"fnMap":{"0":{"name":"constructor","decl":{"start":{"line":14,"column":2},"end":{"line":14,"column":14}},"loc":{"start":{"line":14,"column":49},"end":{"line":14,"column":null}},"line":14},"1":{"name":"execute","decl":{"start":{"line":16,"column":15},"end":{"line":16,"column":23}},"loc":{"start":{"line":16,"column":99},"end":{"line":29,"column":null}},"line":16},"2":{"name":"parseClarification","decl":{"start":{"line":31,"column":2},"end":{"line":31,"column":9}},"loc":{"start":{"line":31,"column":67},"end":{"line":37,"column":null}},"line":31},"3":{"name":"parse","decl":{"start":{"line":39,"column":2},"end":{"line":39,"column":9}},"loc":{"start":{"line":39,"column":52},"end":{"line":71,"column":null}},"line":39},"4":{"name":"(anonymous_4)","decl":{"start":{"line":40,"column":10},"end":{"line":40,"column":18}},"loc":{"start":{"line":40,"column":72},"end":{"line":43,"column":null}},"line":40},"5":{"name":"validate","decl":{"start":{"line":73,"column":2},"end":{"line":73,"column":9}},"loc":{"start":{"line":73,"column":65},"end":{"line":96,"column":null}},"line":73},"6":{"name":"(anonymous_6)","decl":{"start":{"line":77,"column":27},"end":{"line":77,"column":36}},"loc":{"start":{"line":77,"column":53},"end":{"line":81,"column":5}},"line":77},"7":{"name":"buildPrompt","decl":{"start":{"line":98,"column":2},"end":{"line":98,"column":10}},"loc":{"start":{"line":98,"column":50},"end":{"line":109,"column":null}},"line":98}},"branchMap":{"0":{"loc":{"start":{"line":23,"column":4},"end":{"line":25,"column":null}},"type":"if","locations":[{"start":{"line":23,"column":4},"end":{"line":25,"column":null}},{"start":{},"end":{}}],"line":23},"1":{"loc":{"start":{"line":34,"column":17},"end":{"line":34,"column":null}},"type":"cond-expr","locations":[{"start":{"line":34,"column":55},"end":{"line":34,"column":78}},{"start":{"line":34,"column":78},"end":{"line":34,"column":null}}],"line":34},"2":{"loc":{"start":{"line":35,"column":21},"end":{"line":35,"column":null}},"type":"cond-expr","locations":[{"start":{"line":35,"column":63},"end":{"line":35,"column":90}},{"start":{"line":35,"column":90},"end":{"line":35,"column":null}}],"line":35},"3":{"loc":{"start":{"line":40,"column":28},"end":{"line":40,"column":72}},"type":"default-arg","locations":[{"start":{"line":40,"column":43},"end":{"line":40,"column":72}}],"line":40},"4":{"loc":{"start":{"line":41,"column":13},"end":{"line":41,"column":null}},"type":"cond-expr","locations":[{"start":{"line":41,"column":40},"end":{"line":41,"column":52}},{"start":{"line":41,"column":52},"end":{"line":41,"column":null}}],"line":41},"5":{"loc":{"start":{"line":42,"column":18},"end":{"line":42,"column":null}},"type":"cond-expr","locations":[{"start":{"line":42,"column":50},"end":{"line":42,"column":67}},{"start":{"line":42,"column":67},"end":{"line":42,"column":null}}],"line":42},"6":{"loc":{"start":{"line":47,"column":21},"end":{"line":47,"column":54}},"type":"binary-expr","locations":[{"start":{"line":47,"column":21},"end":{"line":47,"column":45}},{"start":{"line":47,"column":45},"end":{"line":47,"column":54}}],"line":47},"7":{"loc":{"start":{"line":48,"column":29},"end":{"line":48,"column":77}},"type":"binary-expr","locations":[{"start":{"line":48,"column":29},"end":{"line":48,"column":61}},{"start":{"line":48,"column":61},"end":{"line":48,"column":77}}],"line":48},"8":{"loc":{"start":{"line":49,"column":37},"end":{"line":49,"column":87}},"type":"binary-expr","locations":[{"start":{"line":49,"column":37},"end":{"line":49,"column":77}},{"start":{"line":49,"column":77},"end":{"line":49,"column":87}}],"line":49},"9":{"loc":{"start":{"line":50,"column":20},"end":{"line":50,"column":51}},"type":"binary-expr","locations":[{"start":{"line":50,"column":20},"end":{"line":50,"column":43}},{"start":{"line":50,"column":43},"end":{"line":50,"column":51}}],"line":50},"10":{"loc":{"start":{"line":51,"column":30},"end":{"line":51,"column":72}},"type":"binary-expr","locations":[{"start":{"line":51,"column":30},"end":{"line":51,"column":63}},{"start":{"line":51,"column":63},"end":{"line":51,"column":72}}],"line":51},"11":{"loc":{"start":{"line":52,"column":30},"end":{"line":52,"column":77}},"type":"binary-expr","locations":[{"start":{"line":52,"column":30},"end":{"line":52,"column":63}},{"start":{"line":52,"column":63},"end":{"line":52,"column":77}}],"line":52},"12":{"loc":{"start":{"line":53,"column":32},"end":{"line":53,"column":121}},"type":"cond-expr","locations":[{"start":{"line":53,"column":86},"end":{"line":53,"column":119}},{"start":{"line":53,"column":119},"end":{"line":53,"column":121}}],"line":53},"13":{"loc":{"start":{"line":54,"column":21},"end":{"line":54,"column":54}},"type":"binary-expr","locations":[{"start":{"line":54,"column":21},"end":{"line":54,"column":45}},{"start":{"line":54,"column":45},"end":{"line":54,"column":54}}],"line":54},"14":{"loc":{"start":{"line":55,"column":20},"end":{"line":55,"column":51}},"type":"binary-expr","locations":[{"start":{"line":55,"column":20},"end":{"line":55,"column":43}},{"start":{"line":55,"column":43},"end":{"line":55,"column":51}}],"line":55},"15":{"loc":{"start":{"line":56,"column":17},"end":{"line":56,"column":51}},"type":"binary-expr","locations":[{"start":{"line":56,"column":17},"end":{"line":56,"column":37}},{"start":{"line":56,"column":37},"end":{"line":56,"column":51}}],"line":56},"16":{"loc":{"start":{"line":57,"column":31},"end":{"line":57,"column":73}},"type":"binary-expr","locations":[{"start":{"line":57,"column":31},"end":{"line":57,"column":65}},{"start":{"line":57,"column":65},"end":{"line":57,"column":73}}],"line":57},"17":{"loc":{"start":{"line":58,"column":27},"end":{"line":58,"column":65}},"type":"binary-expr","locations":[{"start":{"line":58,"column":27},"end":{"line":58,"column":57}},{"start":{"line":58,"column":57},"end":{"line":58,"column":65}}],"line":58},"18":{"loc":{"start":{"line":59,"column":32},"end":{"line":59,"column":75}},"type":"binary-expr","locations":[{"start":{"line":59,"column":32},"end":{"line":59,"column":67}},{"start":{"line":59,"column":67},"end":{"line":59,"column":75}}],"line":59},"19":{"loc":{"start":{"line":60,"column":24},"end":{"line":60,"column":64}},"type":"binary-expr","locations":[{"start":{"line":60,"column":24},"end":{"line":60,"column":51}},{"start":{"line":60,"column":51},"end":{"line":60,"column":64}}],"line":60},"20":{"loc":{"start":{"line":61,"column":23},"end":{"line":61,"column":58}},"type":"binary-expr","locations":[{"start":{"line":61,"column":23},"end":{"line":61,"column":49}},{"start":{"line":61,"column":49},"end":{"line":61,"column":58}}],"line":61},"21":{"loc":{"start":{"line":62,"column":33},"end":{"line":62,"column":77}},"type":"binary-expr","locations":[{"start":{"line":62,"column":33},"end":{"line":62,"column":69}},{"start":{"line":62,"column":69},"end":{"line":62,"column":77}}],"line":62},"22":{"loc":{"start":{"line":63,"column":37},"end":{"line":63,"column":87}},"type":"binary-expr","locations":[{"start":{"line":63,"column":37},"end":{"line":63,"column":77}},{"start":{"line":63,"column":77},"end":{"line":63,"column":87}}],"line":63},"23":{"loc":{"start":{"line":64,"column":27},"end":{"line":64,"column":62}},"type":"binary-expr","locations":[{"start":{"line":64,"column":27},"end":{"line":64,"column":57}},{"start":{"line":64,"column":57},"end":{"line":64,"column":62}}],"line":64},"24":{"loc":{"start":{"line":65,"column":24},"end":{"line":65,"column":55}},"type":"binary-expr","locations":[{"start":{"line":65,"column":24},"end":{"line":65,"column":51}},{"start":{"line":65,"column":51},"end":{"line":65,"column":55}}],"line":65},"25":{"loc":{"start":{"line":66,"column":23},"end":{"line":66,"column":59}},"type":"binary-expr","locations":[{"start":{"line":66,"column":23},"end":{"line":66,"column":49}},{"start":{"line":66,"column":49},"end":{"line":66,"column":59}}],"line":66},"26":{"loc":{"start":{"line":67,"column":33},"end":{"line":67,"column":74}},"type":"binary-expr","locations":[{"start":{"line":67,"column":33},"end":{"line":67,"column":69}},{"start":{"line":67,"column":69},"end":{"line":67,"column":74}}],"line":67},"27":{"loc":{"start":{"line":68,"column":33},"end":{"line":68,"column":74}},"type":"binary-expr","locations":[{"start":{"line":68,"column":33},"end":{"line":68,"column":69}},{"start":{"line":68,"column":69},"end":{"line":68,"column":74}}],"line":68},"28":{"loc":{"start":{"line":69,"column":35},"end":{"line":69,"column":78}},"type":"binary-expr","locations":[{"start":{"line":69,"column":35},"end":{"line":69,"column":73}},{"start":{"line":69,"column":73},"end":{"line":69,"column":78}}],"line":69},"29":{"loc":{"start":{"line":78,"column":6},"end":{"line":80,"column":null}},"type":"if","locations":[{"start":{"line":78,"column":6},"end":{"line":80,"column":null}},{"start":{},"end":{}}],"line":78},"30":{"loc":{"start":{"line":91,"column":4},"end":{"line":93,"column":null}},"type":"if","locations":[{"start":{"line":91,"column":4},"end":{"line":93,"column":null}},{"start":{},"end":{}}],"line":91},"31":{"loc":{"start":{"line":91,"column":8},"end":{"line":91,"column":89}},"type":"binary-expr","locations":[{"start":{"line":91,"column":8},"end":{"line":91,"column":49}},{"start":{"line":91,"column":49},"end":{"line":91,"column":89}}],"line":91}},"s":{"0":0,"1":0,"2":0,"3":0,"4":0,"5":0,"6":0,"7":0,"8":0,"9":0,"10":0,"11":0,"12":0,"13":0,"14":0,"15":0,"16":0,"17":0,"18":0,"19":0,"20":0},"f":{"0":0,"1":0,"2":0,"3":0,"4":0,"5":0,"6":0,"7":0},"b":{"0":[0,0],"1":[0,0],"2":[0,0],"3":[0],"4":[0,0],"5":[0,0],"6":[0,0],"7":[0,0],"8":[0,0],"9":[0,0],"10":[0,0],"11":[0,0],"12":[0,0],"13":[0,0],"14":[0,0],"15":[0,0],"16":[0,0],"17":[0,0],"18":[0,0],"19":[0,0],"20":[0,0],"21":[0,0],"22":[0,0],"23":[0,0],"24":[0,0],"25":[0,0],"26":[0,0],"27":[0,0],"28":[0,0],"29":[0,0],"30":[0,0],"31":[0,0]},"meta":{"lastBranch":32,"lastFunction":8,"lastStatement":21,"seen":{"s:6:14:6:Infinity":0,"s:7:49:10:Infinity":1,"s:12:46:12:Infinity":2,"f:14:2:14:14":0,"s:14:22:14:49":3,"f:16:15:16:23":1,"s:17:24:21:Infinity":4,"b:23:4:25:Infinity:undefined:undefined:undefined:undefined":0,"s:23:4:25:Infinity":5,"s:24:6:24:Infinity":6,"s:27:19:27:Infinity":7,"s:28:4:28:Infinity":8,"f:31:2:31:9":2,"s:32:4:36:Infinity":9,"b:34:55:34:78:34:78:34:Infinity":1,"b:35:63:35:90:35:90:35:Infinity":2,"f:39:2:39:9":3,"s:40:10:43:Infinity":10,"f:40:10:40:18":4,"s:40:72:43:Infinity":11,"b:40:43:40:72":3,"b:41:40:41:52:41:52:41:Infinity":4,"b:42:50:42:67:42:67:42:Infinity":5,"s:45:4:70:Infinity":12,"b:47:21:47:45:47:45:47:54":6,"b:48:29:48:61:48:61:48:77":7,"b:49:37:49:77:49:77:49:87":8,"b:50:20:50:43:50:43:50:51":9,"b:51:30:51:63:51:63:51:72":10,"b:52:30:52:63:52:63:52:77":11,"b:53:86:53:119:53:119:53:121"
[...]
2:131:16":13,"s:132:4:135:Infinity":18,"b:132:103:132:128:132:128:132:135":27,"f:137:2:137:13":14,"s:138:4:145:Infinity":19,"b:139:8:139:22:139:22:139:24":28,"f:139:26:139:31":15,"s:140:8:143:Infinity":20,"b:141:85:141:103:141:103:141:113":29,"f:147:2:147:13":16,"s:148:4:158:Infinity":21,"b:149:86:149:112:149:112:149:119":30,"b:150:8:150:23:150:23:150:25":31,"f:150:27:150:32":17,"s:151:8:156:Infinity":22,"b:152:127:152:152:152:152:152:159":32,"f:160:2:160:12":18,"s:161:4:171:Infinity":23,"b:162:8:162:22:162:22:162:24":33,"f:162:26:162:31":19,"s:163:8:169:Infinity":24,"b:164:143:164:169:164:169:164:176":34,"f:173:2:173:15":20,"s:174:4:187:Infinity":25,"b:176:77:176:96:176:96:176:109":35,"b:178:12:178:31:178:31:178:33":36,"f:178:35:178:40":21,"s:178:68:178:142":26,"b:182:79:182:99:182:99:182:111":37,"b:184:12:184:32:184:32:184:34":38,"f:184:36:184:41":22,"s:184:69:184:143":27,"f:189:2:189:10":23,"s:190:4:213:Infinity":28,"b:194:14:194:30:194:30:194:32":39,"f:194:34:194:39":24,"s:195:14:197:Infinity":29,"b:202:12:202:25:202:25:202:27":40,"f:202:29:202:34":25,"s:203:12:209:Infinity":30,"f:204:19:204:24":26,"s:205:16:207:Infinity":31,"f:215:2:215:12":27,"s:216:4:224:Infinity":32,"b:216:118:216:144:216:144:216:151":41,"b:219:7:219:Infinity:220:8:222:Infinity":42,"b:220:68:220:87:220:87:220:Infinity":43,"f:226:2:226:14":28,"s:227:4:230:Infinity":33,"b:228:59:228:84:228:84:228:94":44,"f:232:2:232:15":29,"s:233:4:240:Infinity":34,"b:234:8:234:24:234:24:234:26":45,"f:234:28:234:33":30,"s:235:8:238:Infinity":35,"f:242:2:242:10":31,"s:244:4:276:Infinity":36,"b:254:16:254:33:254:33:254:35":46,"f:254:37:254:42":32,"s:255:16:257:Infinity":37,"b:256:114:256:126:256:126:256:145":47,"b:262:14:262:29:262:29:262:31":48,"f:262:33:262:38":33,"s:263:14:272:Infinity":38,"b:267:18:267:35:267:35:267:37":49,"f:267:39:267:44":34,"s:268:18:270:Infinity":39,"b:269:140:269:163:269:163:269:164":50,"f:279:2:279:12":35,"s:280:4:286:Infinity":40,"b:284:9:284:32:284:32:284:Infinity":51,"f:288:2:288:14":36,"s:289:4:291:Infinity":41,"f:293:2:293:12":37,"s:294:4:296:Infinity":42,"f:298:2:298:14":38,"s:299:4:301:Infinity":43,"f:303:2:303:10":39,"b:304:4:310:Infinity:undefined:undefined:undefined:undefined":52,"s:304:4:310:Infinity":44,"b:304:8:304:25:304:25:304:50":53,"s:305:6:308:Infinity":45,"s:311:4:319:Infinity":46,"b:318:9:318:21:318:21:319:Infinity":54,"b:318:31:318:53:318:53:318:123":55,"f:322:2:322:8":40,"s:323:4:329:Infinity":47,"b:323:82:323:108:323:108:323:116":56,"b:326:129:326:155:326:155:326:162":57,"f:331:2:331:16":41,"s:332:4:344:Infinity":48,"b:337:11:337:30:337:30:337:Infinity":58,"f:346:2:346:13":42,"s:347:4:352:Infinity":49,"b:348:16:348:35:348:35:348:64":59,"f:354:2:354:16":43,"s:355:4:368:Infinity":50,"b:355:94:355:115:355:115:355:130":60,"b:355:155:355:226:355:226:355:Infinity":61,"b:356:7:356:26:356:26:356:Infinity":62,"b:361:10:361:27:361:27:361:29":63,"f:361:31:361:36":44,"s:362:10:362:Infinity":51,"b:365:139:365:164:365:164:365:175":64,"b:365:200:365:209:365:209:365:216":65,"b:366:9:366:29:366:29:366:Infinity":66,"f:370:2:370:8":45,"s:371:4:378:Infinity":52,"b:372:8:372:22:372:22:372:24":67,"f:372:26:372:31":46,"s:373:8:376:Infinity":53,"f:380:2:380:11":47,"s:381:4:384:Infinity":54,"b:382:13:382:26:382:26:382:57":68,"f:386:2:386:19":48,"s:387:4:391:Infinity":55,"b:388:76:388:101:388:101:388:124":69,"b:390:7:390:24:390:24:390:Infinity":70},"fnNames":{}}}
,"D:\\projects\\orivox-ai-studio\\src\\renderer\\SlideCanvas.tsx": {"path":"D:\\projects\\orivox-ai-studio\\src\\renderer\\SlideCanvas.tsx","statementMap":{"0":{"start":{"line":6,"column":13},"end":{"line":82,"column":null}},"1":{"start":{"line":7,"column":14},"end":{"line":7,"column":null}},"2":{"start":{"line":8,"column":28},"end":{"line":8,"column":null}},"3":{"start":{"line":10,"column":17},"end":{"line":10,"column":null}},"4":{"start":{"line":10,"column":52},"end":{"line":10,"column":75}},"5":{"start":{"line":12,"column":2},"end":{"line":26,"column":null}},"6":{"start":{"line":13,"column":10},"end":{"line":23,"column":null}},"7":{"start":{"line":14,"column":21},"end":{"line":14,"column":null}},"8":{"start":{"line":15,"column":6},"end":{"line":17,"column":null}},"9":{"start":{"line":16,"column":8},"end":{"line":16,"column":null}},"10":{"start":{"line":18,"column":6},"end":{"line":22,"column":null}},"11":{"start":{"line":19,"column":8},"end":{"line":19,"column":null}},"12":{"start":{"line":19,"column":37},"end":{"line":19,"column":74}},"13":{"start":{"line":20,"column":13},"end":{"line":22,"column":null}},"14":{"start":{"line":21,"column":8},"end":{"line":21,"column":null}},"15":{"start":{"line":21,"column":37},"end":{"line":21,"column":58}},"16":{"start":{"line":24,"column":4},"end":{"line":24,"column":null}},"17":{"start":{"line":25,"column":4},"end":{"line":25,"column":null}},"18":{"start":{"line":25,"column":17},"end":{"line":25,"column":null}},"19":{"start":{"line":28,"column":2},"end":{"line":30,"column":null}},"20":{"start":{"line":29,"column":4},"end":{"line":29,"column":null}},"21":{"start":{"line":32,"column":23},"end":{"line":32,"column":null}},"22":{"start":{"line":34,"column":2},"end":{"line":80,"column":null}},"23":{"start":{"line":66,"column":25},"end":{"line":66,"column":null}},"24":{"start":{"line":66,"column":54},"end":{"line":66,"column":75}},"25":{"start":{"line":74,"column":25},"end":{"line":74,"column":null}},"26":{"start":{"line":74,"column":54},"end":{"line":74,"column":91}}},"fnMap":{"0":{"name":"(anonymous_0)","decl":{"start":{"line":6,"column":13},"end":{"line":6,"column":43}},"loc":{"start":{"line":6,"column":43},"end":{"line":82,"column":null}},"line":6},"1":{"name":"(anonymous_1)","decl":{"start":{"line":10,"column":42},"end":{"line":10,"column":46}},"loc":{"start":{"line":10,"column":52},"end":{"line":10,"column":75}},"line":10},"2":{"name":"(anonymous_2)","decl":{"start":{"line":12,"column":2},"end":{"line":12,"column":18}},"loc":{"start":{"line":12,"column":18},"end":{"line":26,"column":5}},"line":12},"3":{"name":"(anonymous_3)","decl":{"start":{"line":13,"column":10},"end":{"line":13,"column":27}},"loc":{"start":{"line":13,"column":48},"end":{"line":23,"column":null}},"line":13},"4":{"name":"(anonymous_4)","decl":{"start":{"line":19,"column":8},"end":{"line":19,"column":29}},"loc":{"start":{"line":19,"column":37},"end":{"line":19,"column":74}},"line":19},"5":{"name":"(anonymous_5)","decl":{"start":{"line":21,"column":8},"end":{"line":21,"column":29}},"loc":{"start":{"line":21,"column":37},"end":{"line":21,"column":58}},"line":21},"6":{"name":"(anonymous_6)","decl":{"start":{"line":25,"column":4},"end":{"line":25,"column":17}},"loc":{"start":{"line":25,"column":17},"end":{"line":25,"column":null}},"line":25},"7":{"name":"(anonymous_7)","decl":{"start":{"line":66,"column":10},"end":{"line":66,"column":25}},"loc":{"start":{"line":66,"column":25},"end":{"line":66,"column":null}},"line":66},"8":{"name":"(anonymous_8)","decl":{"start":{"line":66,"column":25},"end":{"line":66,"column":46}},"loc":{"start":{"line":66,"column":54},"end":{"line":66,"column":75}},"line":66},"9":{"name":"(anonymous_9)","decl":{"start":{"line":74,"column":10},"end":{"line":74,"column":25}},"loc":{"start":{"line":74,"column":25},"end":{"line":74,"column":null}},"line":74},"10":{"name":"(anonymous_10)","decl":{"start":{"line":74,"column":25},"end":{"line":74,"column":46}},"loc":{"start":{"line":74,"column":54},"end":{"line":74,"column":91}},"line":74}},"branchMap":{"0":{"loc":{"start":{"line":15,"column":6},"end":{"line":17,"column":null}},"type":"if","locations":[{"start":{"line":15,"column":6},"end":{"line":17,"column":null}},{"start":{},"end":{}}],"line":15},"1":{"loc":{"start":{"line":15,"column":10},"end":{"line":15,"column":99}},"type":"binary-expr","locations":[{"start":{"line":15,"column":10},"end":{"line":15,"column":40}},{"start":{"line":15,"column":40},"end":{"line":15,"column":73}},{"start":{"line":15,"column":73},"end":{"line":15,"column":99}}],"line":15},"2":{"loc":{"start":{"line":18,"column":6},"end":{"line":22,"column":null}},"type":"if","locations":[{"start":{"line":18,"column":6},"end":{"line":22,"column":null}},{"start":{"line":20,"column":13},"end":{"line":22,"column":null}}],"line":18},"3":{"loc":{"start":{"line":18,"column":10},"end":{"line":18,"column":51}},"type":"binary-expr","locations":[{"start":{"line":18,"column":10},"end":{"line":18,"column":36}},{"start":{"line":18,"column":36},"end":{"line":18,"column":51}}],"line":18},"4":{"loc":{"start":{"line":20,"column":13},"end":{"line":22,"column":null}},"type":"if","locations":[{"start":{"line":20,"column":13},"end":{"line":22,"column":null}},{"start":{},"end":{}}],"line":20},"5":{"loc":{"start":{"line":28,"column":2},"end":{"line":30,"column":null}},"type":"if","locations":[{"start":{"line":28,"column":2},"end":{"line":30,"column":null}},{"start":{},"end":{}}],"line":28},"6":{"loc":{"start":{"line":50,"column":11},"end":{"line":57,"column":null}},"type":"binary-expr","locations":[{"start":{"line":50,"column":11},"end":{"line":50,"column":null}},{"start":{"line":51,"column":12},"end":{"line":57,"column":null}}],"line":50},"7":{"loc":{"start":{"line":56,"column":22},"end":{"line":56,"column":null}},"type":"binary-expr","locations":[{"start":{"line":56,"column":22},"end":{"line":56,"column":45}},{"start":{"line":56,"column":45},"end":{"line":56,"column":null}}],"line":56}},"s":{"0":1,"1":1,"2":1,"3":1,"4":2,"5":1,"6":1,"7":1,"8":1,"9":1,"10":0,"11":0,"12":0,"13":0,"14":0,"15":0,"16":1,"17":1,"18":1,"19":1,"20":0,"21":1,"22":1,"23":0,"24":0,"25":0,"26":0},"f":{"0":1,"1":2,"2":1,"3":1,"4":0,"5":0,"6":1,"7":0,"8":0,"9":0,"10":0},"b":{"0":[1,0],"1":[1,0,0],"2":[0,0],"3":[0,0],"4":[0,0],"5":[0,1],"6":[1,1],"7":[1,0]},"meta":{"lastBranch":8,"lastFunction":11,"lastStatement":27,"seen":{"s:6:13:82:Infinity":0,"f:6:13:6:43":0,"s:7:14:7:Infinity":1,"s:8:28:8:Infinity":2,"s:10:17:10:Infinity":3,"f:10:42:10:46":1,"s:10:52:10:75":4,"s:12:2:26:Infinity":5,"f:12:2:12:18":2,"s:13:10:23:Infinity":6,"f:13:10:13:27":3,"s:14:21:14:Infinity":7,"b:15:6:17:Infinity:undefined:undefined:undefined:undefined":0,"s:15:6:17:Infinity":8,"b:15:10:15:40:15:40:15:73:15:73:15:99":1,"s:16:8:16:Infinity":9,"b:18:6:22:Infinity:20:13:22:Infinity":2,"s:18:6:22:Infinity":10,"b:18:10:18:36:18:36:18:51":3,"s:19:8:19:Infinity":11,"f:19:8:19:29":4,"s:19:37:19:74":12,"b:20:13:22:Infinity:undefined:undefined:undefined:undefined":4,"s:20:13:22:Infinity":13,"s:21:8:21:Infinity":14,"f:21:8:21:29":5,"s:21:37:21:58":15,"s:24:4:24:Infinity":16,"s:25:4:25:Infinity":17,"f:25:4:25:17":6,"s:25:17:25:Infinity":18,"b:28:2:30:Infinity:undefined:undefined:undefined:undefined":5,"s:28:2:30:Infinity":19,"s:29:4:29:Infinity":20,"s:32:23:32:Infinity":21,"s:34:2:80:Infinity":22,"b:50:11:50:Infinity:51:12:57:Infinity":6,"b:56:22:56:45:56:45:56:Infinity":7,"f:66:10:66:25":7,"s:66:25:66:Infinity":23,"f:66:25:66:46":8,"s:66:54:66:75":24,"f:74:10:74:25":9,"s:74:25:74:Infinity":25,"f:74:25:74:46":10,"s:74:54:74:91":26},"fnNames":{}}}
,"D:\\projects\\orivox-ai-studio\\src\\renderer\\SlideRenderer.tsx": {"path":"D:\\projects\\orivox-ai-studio\\src\\renderer\\SlideRenderer.tsx","statementMap":{"0":{"start":{"line":5,"column":145},"end":{"line":33,"column":null}},"1":{"start":{"line":6,"column":2},"end":{"line":31,"column":null}},"2":{"start":{"line":26,"column":23},"end":{"line":26,"column":null}},"3":{"start":{"line":27,"column":10},"end":{"line":27,"column":null}},"4":{"start":{"line":27,"column":21},"end":{"line":27,"column":null}},"5":{"start":{"line":28,"column":10},"end":{"line":28,"column":null}},"6":{"start":{"line":35,"column":0},"end":{"line":35,"column":null}}},"fnMap":{"0":{"name":"(anonymous_0)","decl":{"start":{"line":5,"column":151},"end":{"line":5,"column":157}},"loc":{"start":{"line":5,"column":202},"end":{"line":33,"column":1}},"line":5},"1":{"name":"(anonymous_1)","decl":{"start":{"line":25,"column":26},"end":{"line":25,"column":31}},"loc":{"start":{"line":25,"column":50},"end":{"line":29,"column":9}},"line":25}},"branchMap":{"0":{"loc":{"start":{"line":10,"column":25},"end":{"line":10,"column":null}},"type":"binary-expr","locations":[{"start":{"line":10,"column":25},"end":{"line":10,"column":54}},{"start":{"line":10,"column":54},"end":{"line":10,"column":null}}],"line":10},"1":{"loc":{"start":{"line":11,"column":15},"end":{"line":11,"column":null}},"type":"binary-expr","locations":[{"start":{"line":11,"column":15},"end":{"line":11,"column":38}},{"start":{"line":11,"column":38},"end":{"line":11,"column":null}}],"line":11},"2":{"loc":{"start":{"line":16,"column":7},"end":{"line":24,"column":7}},"type":"binary-expr","locations":[{"start":{"line":16,"column":7},"end":{"line":16,"column":null}},{"start":{"line":17,"column":8},"end":{"line":24,"column":7}}],"line":16},"3":{"loc":{"start":{"line":27,"column":10},"end":{"line":27,"column":null}},"type":"if","locations":[{"start":{"line":27,"column":10},"end":{"line":27,"column":null}},{"start":{},"end":{}}],"line":27}},"s":{"0":1,"1":1,"2":1,"3":1,"4":0,"5":1,"6":1},"f":{"0":1,"1":1},"b":{"0":[1,1],"1":[1,1],"2":[1,0],"3":[0,1]},"meta":{"lastBranch":4,"lastFunction":2,"lastStatement":7,"seen":{"s:5:145:33:Infinity":0,"f:5:151:5:157":0,"s:6:2:31:Infinity":1,"b:10:25:10:54:10:54:10:Infinity":0,"b:11:15:11:38:11:38:11:Infinity":1,"b:16:7:16:Infinity:17:8:24:7":2,"f:25:26:25:31":1,"s:26:23:26:Infinity":2,"b:27:10:27:Infinity:undefined:undefined:undefined:undefined":3,"s:27:10:27:Infinity":3,"s:27:21:27:Infinity":4,"s:28:10:28:Infinity":5,"s:35:0:35:Infinity":6},"fnNames":{}}}
,"D:\\projects\\orivox-ai-studio\\src\\routes\\renderer.tsx": {"path":"D:\\projects\\orivox-ai-studio\\src\\routes\\renderer.tsx","statementMap":{"0":{"start":{"line":9,"column":6},"end":{"line":16,"column":null}},"1":{"start":{"line":10,"column":19},"end":{"line":10,"column":null}},"2":{"start":{"line":11,"column":2},"end":{"line":14,"column":null}},"3":{"start":{"line":12,"column":17},"end":{"line":12,"column":null}},"4":{"start":{"line":13,"column":4},"end":{"line":13,"column":null}},"5":{"start":{"line":15,"column":2},"end":{"line":15,"column":null}},"6":{"start":{"line":18,"column":13},"end":{"line":24,"column":null}},"7":{"start":{"line":21,"column":15},"end":{"line":21,"column":null}},"8":{"start":{"line":22,"column":4},"end":{"line":22,"column":null}},"9":{"start":{"line":27,"column":17},"end":{"line":27,"column":null}},"10":{"start":{"line":29,"column":2},"end":{"line":35,"column":null}},"11":{"start":{"line":30,"column":4},"end":{"line":33,"column":null}},"12":{"start":{"line":37,"column":2},"end":{"line":40,"column":null}}},"fnMap":{"0":{"name":"(anonymous_0)","decl":{"start":{"line":9,"column":68},"end":{"line":9,"column":80}},"loc":{"start":{"line":9,"column":80},"end":{"line":16,"column":1}},"line":9},"1":{"name":"(anonymous_1)","decl":{"start":{"line":20,"column":10},"end":{"line":20,"column":22}},"loc":{"start":{"line":20,"column":22},"end":{"line":23,"column":null}},"line":20},"2":{"name":"RendererPage","decl":{"start":{"line":26,"column":9},"end":{"line":26,"column":24}},"loc":{"start":{"line":26,"column":24},"end":{"line":42,"column":null}},"line":26}},"branchMap":{"0":{"loc":{"start":{"line":11,"column":2},"end":{"line":14,"column":null}},"type":"if","locations":[{"start":{"line":11,"column":2},"end":{"line":14,"column":null}},{"start":{},"end":{}}],"line":11},"1":{"loc":{"start":{"line":29,"column":2},"end":{"line":35,"column":null}},"type":"if","locations":[{"start":{"line":29,"column":2},"end":{"line":35,"column":null}},{"start":{},"end":{}}],"line":29}},"s":{"0":0,"1":0,"2":0,"3":0,"4":0,"5":0,"6":0,"7":0,"8":0,"9":0,"10":0,"11":0,"12":0},"f":{"0":0,"1":0,"2":0},"b":{"0":[0,0],"1":[0,0]},"meta":{"lastBranch":2,"lastFunction":3,"lastStatement":13,"seen":{"s:9:6:16:Infinity":0,"f:9:68:9:80":0,"s:10:19:10:Infinity":1,"b:11:2:14:Infinity:undefined:undefined:undefined:undefined":0,"s:11:2:14:Infinity":2,"s:12:17:12:Infinity":3,"s:13:4:13:Infinity":4,"s:15:2:15:Infinity":5,"s:18:13:24:Infinity":6,"f:20:10:20:22":1,"s:21:15:21:Infinity":7,"s:22:4:22:Infinity":8,"f:26:9:26:24":2,"s:27:17:27:Infinity":9,"b:29:2:35:Infinity:undefined:undefined:undefined:undefined":1,"s:29:2:35:Infinity":10,"s:30:4:33:Infinity":11,"s:37:2:40:Infinity":12},"fnNames":{}}}
,"D:\\projects\\orivox-ai-studio\\src\\types\\database.types.ts": {"path":"D:\\projects\\orivox-ai-studio\\src\\types\\database.types.ts","statementMap":{},"fnMap":{},"branchMap":{},"s":{},"f":{},"b":{},"meta":{"lastBranch":0,"lastFunction":0,"lastStatement":0,"seen":{},"fnNames":{}}}
,"D:\\projects\\orivox-ai-studio\\src\\types\\presentation-ir.types.ts": {"path":"D:\\projects\\orivox-ai-studio\\src\\types\\presentation-ir.types.ts","statementMap":{},"fnMap":{},"branchMap":{},"s":{},"f":{},"b":{},"meta":{"lastBranch":0,"lastFunction":0,"lastStatement":0,"seen":{},"fnNames":{}}}
,"D:\\projects\\orivox-ai-studio\\src\\validation\\engine.ts": {"path":"D:\\projects\\orivox-ai-studio\\src\\validation\\engine.ts","statementMap":{"0":{"start":{"line":22,"column":10},"end":{"line":22,"column":null}},"1":{"start":{"line":25,"column":10},"end":{"line":25,"column":null}},"2":{"start":{"line":28,"column":10},"end":{"line":28,"column":null}},"3":{"start":{"line":31,"column":10},"end":{"line":31,"column":null}},"4":{"start":{"line":34,"column":22},"end":{"line":39,"column":null}},"5":{"start":{"line":41,"column":19},"end":{"line":41,"column":null}},"6":{"start":{"line":41,"column":41},"end":{"line":41,"column":63}},"7":{"start":{"line":42,"column":21},"end":{"line":42,"column":null}},"8":{"start":{"line":42,"column":43},"end":{"line":42,"column":67}},"9":{"start":{"line":45,"column":25},"end":{"line":45,"column":null}},"10":{"start":{"line":46,"column":25},"end":{"line":46,"column":null}},"11":{"start":{"line":47,"column":28},"end":{"line":47,"column":null}},"12":{"start":{"line":49,"column":30},"end":{"line":49,"column":null}},"13":{"start":{"line":52,"column":34},"end":{"line":54,"column":null}},"14":{"start":{"line":58,"column":30},"end":{"line":58,"column":null}},"15":{"start":{"line":62,"column":23},"end":{"line":62,"column":null}},"16":{"start":{"line":64,"column":4},"end":{"line":74,"column":null}}},"fnMap":{"0":{"name":"validate","decl":{"start":{"line":20,"column":16},"end":{"line":20,"column":25}},"loc":{"start":{"line":20,"column":63},"end":{"line":75,"column":null}},"line":20},"1":{"name":"(anonymous_1)","decl":{"start":{"line":41,"column":29},"end":{"line":41,"column":36}},"loc":{"start":{"line":41,"column":41},"end":{"line":41,"column":63}},"line":41},"2":{"name":"(anonymous_2)","decl":{"start":{"line":42,"column":31},"end":{"line":42,"column":38}},"loc":{"start":{"line":42,"column":43},"end":{"line":42,"column":67}},"line":42}},"branchMap":{"0":{"loc":{"start":{"line":58,"column":30},"end":{"line":58,"column":null}},"type":"binary-expr","locations":[{"start":{"line":58,"column":30},"end":{"line":58,"column":51}},{"start":{"line":58,"column":51},"end":{"line":58,"column":null}}],"line":58}},"s":{"0":0,"1":0,"2":0,"3":0,"4":0,"5":0,"6":0,"7":0,"8":0,"9":0,"10":0,"11":0,"12":0,"13":0,"14":0,"15":0,"16":0},"f":{"0":0,"1":0,"2":0},"b":{"0":[0,0]},"meta":{"lastBranch":1,"lastFunction":3,"lastStatement":17,"seen":{"f:20:16:20:25":0,"s:22:10:22:Infinity":0,"s:25:10:25:Infinity":1,"s:28:10:28:Infinity":2,"s:31:10:31:Infinity":3,"s:34:22:39:Infinity":4,"s:41:19:41:Infinity":5,"f:41:29:41:36":1,"s:41:41:41:63":6,"s:42:21:42:Infinity":7,"f:42:31:42:38":2,"s:42:43:42:67":8,"s:45:25:45:Infinity":9,"s:46:25:46:Infinity":10,"s:47:28:47:Infinity":11,"s:49:30:49:Infinity":12,"s:52:34:54:Infinity":13,"s:58:30:58:Infinity":14,"b:58:30:58:51:58:51:58:Infinity":0,"s:62:23:62:Infinity":15,"s:64:4:74:Infinity":16},"fnNames":{}}}
,"D:\\projects\\orivox-ai-studio\\src\\validation\\types.ts": {"path":"D:\\projects\\orivox-ai-studio\\src\\validation\\types.ts","statementMap":{},"fnMap":{},"branchMap":{},"s":{},"f":{},"b":{},"meta":{"lastBranch":0,"lastFunction":0,"lastStatement":0,"seen":{},"fnNames":{}}}
}
